#
# There is insufficient memory for the Java Runtime Environment to continue.
# Native memory allocation (mmap) failed to map 260046848 bytes for G1 virtual space
# Possible reasons:
#   The system is out of physical RAM or swap space
#   The process is running with CompressedOops enabled, and the Java Heap may be blocking the growth of the native heap
# Possible solutions:
#   Reduce memory load on the system
#   Increase physical memory or swap space
#   Check if swap backing store is full
#   Decrease Java heap size (-Xmx/-Xms)
#   Decrease number of Java threads
#   Decrease Java thread stack sizes (-Xss)
#   Set larger code cache with -XX:ReservedCodeCacheSize=
#   JVM is running with Zero Based Compressed Oops mode in which the Java heap is
#     placed in the first 32GB address space. The Java Heap base address is the
#     maximum limit for the native heap growth. Please use -XX:HeapBaseMinAddress
#     to set the Java Heap base and to place the Java Heap above 32GB virtual address.
# This output file may be truncated or incomplete.
#
#  Out of Memory Error (os_windows.cpp:3530), pid=27752, tid=3668
#
# JRE version:  (18.0+36) (build )
# Java VM: Java HotSpot(TM) 64-Bit Server VM (18+36-2087, mixed mode, sharing, tiered, compressed oops, compressed class ptrs, g1 gc, windows-amd64)
# No core dump will be written. Minidumps are not enabled by default on client versions of Windows
#

---------------  S U M M A R Y ------------

Command Line: 

Host: AMD Ryzen 5 4600H with Radeon Graphics         , 12 cores, 15G,  Windows 11 , 64 bit Build 22621 (10.0.22621.2215)
Time: Sat Oct 14 02:46:33 2023 SE Asia Standard Time elapsed time: 0.009173 seconds (0d 0h 0m 0s)

---------------  T H R E A D  ---------------

Current thread (0x0000026a217af0b0):  JavaThread "Unknown thread" [_thread_in_vm, id=3668, stack(0x0000008a93800000,0x0000008a93900000)]

Stack: [0x0000008a93800000,0x0000008a93900000]
Native frames: (J=compiled Java code, j=interpreted, Vv=VM code, C=native code)
V  [jvm.dll+0x69804a]
V  [jvm.dll+0x7f308d]
V  [jvm.dll+0x7f499e]
V  [jvm.dll+0x7f5053]
V  [jvm.dll+0x25ca3f]
V  [jvm.dll+0x694f99]
V  [jvm.dll+0x689aca]
V  [jvm.dll+0x321efb]
V  [jvm.dll+0x3298d6]
V  [jvm.dll+0x37e47e]
V  [jvm.dll+0x37e6af]
V  [jvm.dll+0x2f9c7a]
V  [jvm.dll+0x2facdd]
V  [jvm.dll+0x7c1cc0]
V  [jvm.dll+0x38b801]
V  [jvm.dll+0x7a09d3]
V  [jvm.dll+0x40d6bf]
V  [jvm.dll+0x40f091]
C  [jli.dll+0x526b]
C  [ucrtbase.dll+0x29363]
C  [KERNEL32.DLL+0x1257d]
C  [ntdll.dll+0x5aa68]


---------------  P R O C E S S  ---------------

Threads class SMR info:
_java_thread_list=0x00007ffe255ee550, length=0, elements={
}

Java Threads: ( => current thread )

Other Threads:
  0x0000026a2181df50 WorkerThread "GC Thread#0" [stack: 0x0000008a93900000,0x0000008a93a00000] [id=10892]
  0x0000026a21830410 ConcurrentGCThread "G1 Main Marker" [stack: 0x0000008a93a00000,0x0000008a93b00000] [id=7360]
  0x0000026a21830d00 WorkerThread "G1 Conc#0" [stack: 0x0000008a93b00000,0x0000008a93c00000] [id=27604]

[error occurred during error reporting (printing all threads), id 0xc0000005, EXCEPTION_ACCESS_VIOLATION (0xc0000005) at pc=0x00007ffe24e1a217]

VM state: not at safepoint (not fully initialized)

VM Mutex/Monitor currently owned by a thread:  ([mutex/lock_event])
[0x0000026a217aaa30] Heap_lock - owner thread: 0x0000026a217af0b0

Heap address: 0x0000000709800000, size: 3944 MB, Compressed Oops mode: Zero based, Oop shift amount: 3

CDS archive(s) mapped at: [0x0000000000000000-0x0000000000000000-0x0000000000000000), size 0, SharedBaseAddress: 0x0000000800000000, ArchiveRelocationMode: 0.
Narrow klass base: 0x0000000000000000, Narrow klass shift: 0, Narrow klass range: 0x0

GC Precious Log:
 CardTable entry size: 512
 Card Set container configuration: InlinePtr #cards 4 size 8 Array Of Cards #cards 16 size 48 Howl #buckets 8 coarsen threshold 3686 Howl Bitmap #cards 512 size 80 coarsen threshold 460 Card regions per heap region 1 cards per card region 4096

Heap:
 garbage-first heap   total 0K, used 0K [0x0000000709800000, 0x0000000800000000)
  region size 2048K, 0 young (0K), 0 survivors (0K)

[error occurred during error reporting (printing heap information), id 0xc0000005, EXCEPTION_ACCESS_VIOLATION (0xc0000005) at pc=0x00007ffe25200489]

GC Heap History (0 events):
No events

Deoptimization events (0 events):
No events

Classes loaded (0 events):
No events

Classes unloaded (0 events):
No events

Classes redefined (0 events):
No events

Internal exceptions (0 events):
No events

VM Operations (0 events):
No events

Events (1 events):
Event: 0.006 Loaded shared library C:\Program Files\Java\jdk-18\bin\java.dll


Dynamic libraries:
0x00007ff783fd0000 - 0x00007ff783fe0000 	C:\Program Files\Java\jdk-18\bin\java.exe
0x00007ffea4b10000 - 0x00007ffea4d24000 	C:\WINDOWS\SYSTEM32\ntdll.dll
0x00007ffea37a0000 - 0x00007ffea3864000 	C:\WINDOWS\System32\KERNEL32.DLL
0x00007ffea22f0000 - 0x00007ffea2694000 	C:\WINDOWS\System32\KERNELBASE.dll
0x00007ffea21d0000 - 0x00007ffea22e1000 	C:\WINDOWS\System32\ucrtbase.dll
0x00007ffe82ba0000 - 0x00007ffe82bba000 	C:\Program Files\Java\jdk-18\bin\VCRUNTIME140.dll
0x00007ffe3dd00000 - 0x00007ffe3dd18000 	C:\Program Files\Java\jdk-18\bin\jli.dll
0x00007ffea3310000 - 0x00007ffea33c0000 	C:\WINDOWS\System32\ADVAPI32.dll
0x00007ffea3a90000 - 0x00007ffea3b37000 	C:\WINDOWS\System32\msvcrt.dll
0x00007ffea3260000 - 0x00007ffea3306000 	C:\WINDOWS\System32\sechost.dll
0x00007ffea28a0000 - 0x00007ffea29b7000 	C:\WINDOWS\System32\RPCRT4.dll
0x00007ffea3bf0000 - 0x00007ffea3d9e000 	C:\WINDOWS\System32\USER32.dll
0x00007ffea26a0000 - 0x00007ffea26c6000 	C:\WINDOWS\System32\win32u.dll
0x00007ffea3b40000 - 0x00007ffea3b69000 	C:\WINDOWS\System32\GDI32.dll
0x00007ffea1ec0000 - 0x00007ffea1fd8000 	C:\WINDOWS\System32\gdi32full.dll
0x00007ffe83940000 - 0x00007ffe83bd3000 	C:\WINDOWS\WinSxS\amd64_microsoft.windows.common-controls_6595b64144ccf1df_6.0.22621.2215_none_270d72677387dfc3\COMCTL32.dll
0x00007ffea26d0000 - 0x00007ffea276a000 	C:\WINDOWS\System32\msvcp_win.dll
0x00007ffe98500000 - 0x00007ffe9850a000 	C:\WINDOWS\SYSTEM32\VERSION.dll
0x00007ffea3a30000 - 0x00007ffea3a61000 	C:\WINDOWS\System32\IMM32.DLL
0x00007ffe8a230000 - 0x00007ffe8a23c000 	C:\Program Files\Java\jdk-18\bin\vcruntime140_1.dll
0x00007ffe3d9b0000 - 0x00007ffe3da3d000 	C:\Program Files\Java\jdk-18\bin\msvcp140.dll
0x00007ffe24b10000 - 0x00007ffe25721000 	C:\Program Files\Java\jdk-18\bin\server\jvm.dll
0x00007ffea38d0000 - 0x00007ffea38d8000 	C:\WINDOWS\System32\PSAPI.DLL
0x00007ffe3dcf0000 - 0x00007ffe3dcf9000 	C:\WINDOWS\SYSTEM32\WSOCK32.dll
0x00007ffea29d0000 - 0x00007ffea2a41000 	C:\WINDOWS\System32\WS2_32.dll
0x00007ffe974a0000 - 0x00007ffe974d4000 	C:\WINDOWS\SYSTEM32\WINMM.dll
0x00007ffea0ec0000 - 0x00007ffea0ed8000 	C:\WINDOWS\SYSTEM32\kernel.appcore.dll
0x00007ffe3d9a0000 - 0x00007ffe3d9aa000 	C:\Program Files\Java\jdk-18\bin\jimage.dll
0x00007ffe98d60000 - 0x00007ffe98f8e000 	C:\WINDOWS\SYSTEM32\DBGHELP.DLL
0x00007ffea33c0000 - 0x00007ffea374a000 	C:\WINDOWS\System32\combase.dll
0x00007ffea3090000 - 0x00007ffea3167000 	C:\WINDOWS\System32\OLEAUT32.dll
0x00007ffe8f320000 - 0x00007ffe8f352000 	C:\WINDOWS\SYSTEM32\dbgcore.DLL
0x00007ffea2150000 - 0x00007ffea21ca000 	C:\WINDOWS\System32\bcryptPrimitives.dll
0x00007ffe3b100000 - 0x00007ffe3b125000 	C:\Program Files\Java\jdk-18\bin\java.dll

dbghelp: loaded successfully - version: 4.0.5 - missing functions: none
symbol engine: initialized successfully - sym options: 0x614 - pdb path: .;C:\Program Files\Java\jdk-18\bin;C:\WINDOWS\SYSTEM32;C:\WINDOWS\WinSxS\amd64_microsoft.windows.common-controls_6595b64144ccf1df_6.0.22621.2215_none_270d72677387dfc3;C:\Program Files\Java\jdk-18\bin\server

VM Arguments:
java_command: <unknown>
java_class_path (initial): <not set>
Launcher Type: SUN_STANDARD

[Global flags]
     intx CICompilerCount                          = 4                                         {product} {ergonomic}
     uint ConcGCThreads                            = 3                                         {product} {ergonomic}
     uint G1ConcRefinementThreads                  = 10                                        {product} {ergonomic}
   size_t G1HeapRegionSize                         = 2097152                                   {product} {ergonomic}
    uintx GCDrainStackTargetSize                   = 64                                        {product} {ergonomic}
   size_t InitialHeapSize                          = 260046848                                 {product} {ergonomic}
   size_t MarkStackSize                            = 4194304                                   {product} {ergonomic}
   size_t MaxHeapSize                              = 4135583744                                {product} {ergonomic}
   size_t MinHeapDeltaBytes                        = 2097152                                   {product} {ergonomic}
   size_t MinHeapSize                              = 8388608                                   {product} {ergonomic}
    uintx NonNMethodCodeHeapSize                   = 5839372                                {pd product} {ergonomic}
    uintx NonProfiledCodeHeapSize                  = 122909434                              {pd product} {ergonomic}
    uintx ProfiledCodeHeapSize                     = 122909434                              {pd product} {ergonomic}
    uintx ReservedCodeCacheSize                    = 251658240                              {pd product} {ergonomic}
     bool SegmentedCodeCache                       = true                                      {product} {ergonomic}
   size_t SoftMaxHeapSize                          = 4135583744                             {manageable} {ergonomic}
     bool UseCompressedClassPointers               = true                           {product lp64_product} {ergonomic}
     bool UseCompressedOops                        = true                           {product lp64_product} {ergonomic}
     bool UseG1GC                                  = true                                      {product} {ergonomic}
     bool UseLargePagesIndividualAllocation        = false                                  {pd product} {ergonomic}

Logging:
Log output configuration:
 #0: stdout all=warning uptime,level,tags foldmultilines=false
 #1: stderr all=off uptime,level,tags foldmultilines=false

Environment Variables:
PATH=D:\Reactnative\AwesomeProject1\node_modules\.bin;D:\Reactnative\AwesomeProject1\node_modules\.bin;D:\Reactnative\node_modules\.bin;D:\node_modules\.bin;C:\Program Files\nodejs\node_modules\npm\node_modules\@npmcli\run-script\lib\node-gyp-bin;D:\Reactnative\AwesomeProject1\node_modules\.bin;D:\Reactnative\AwesomeProject1\node_modules\.bin;D:\Reactnative\node_modules\.bin;D:\node_modules\.bin;C:\Program Files\nodejs\node_modules\npm\node_modules\@npmcli\run-script\lib\node-gyp-bin;C:\Program Files\Common Files\Oracle\Java\javapath;C:\WINDOWS\system32;C:\WINDOWS;C:\WINDOWS\System32\Wbem;C:\WINDOWS\System32\WindowsPowerShell\v1.0\;C:\WINDOWS\System32\OpenSSH\;C:\ProgramData\chocolatey\bin;C:\Program Files\nodejs\;C:\Users\hotti\AppData\Local\Microsoft\WindowsApps;C:\Users\hotti\AppData\Local\Programs\Microsoft VS Code\bin;C:\Users\hotti\AppData\Local\Android\Sdk\platform-tools
USERNAME=Kiet
LANG=en_US.UTF-8
OS=Windows_NT
PROCESSOR_IDENTIFIER=AMD64 Family 23 Model 96 Stepping 1, AuthenticAMD



---------------  S Y S T E M  ---------------

OS:
 Windows 11 , 64 bit Build 22621 (10.0.22621.2215)
OS uptime: 0 days 0:17 hours

CPU: total 12 (initial active 12) (12 cores per cpu, 2 threads per core) family 23 model 96 stepping 1 microcode 0x0, cx8, cmov, fxsr, ht, mmx, 3dnowpref, sse, sse2, sse3, ssse3, sse4a, sse4.1, sse4.2, popcnt, lzcnt, tsc, tscinvbit, avx, avx2, aes, clmul, bmi1, bmi2, adx, sha, fma, vzeroupper, clflush, clflushopt

Memory: 4k page, system-wide physical 15771M (954M free)
TotalPageFile size 24078M (AvailPageFile size 88M)
current process WorkingSet (physical memory assigned to process): 11M, peak: 11M
current process commit charge ("private bytes"): 64M, peak: 312M

vm_info: Java HotSpot(TM) 64-Bit Server VM (18+36-2087) for windows-amd64 JRE (18+36-2087), built on Feb 15 2022 09:43:11 by "mach5one" with MS VC++ 16.8 / 16.9 (VS2019)

END.
