#
# There is insufficient memory for the Java Runtime Environment to continue.
# Native memory allocation (malloc) failed to allocate 332304 bytes for Chunk::new
# Possible reasons:
#   The system is out of physical RAM or swap space
#   The process is running with CompressedOops enabled, and the Java Heap may be blocking the growth of the native heap
# Possible solutions:
#   Reduce memory load on the system
#   Increase physical memory or swap space
#   Check if swap backing store is full
#   Decrease Java heap size (-Xmx/-Xms)
#   Decrease number of Java threads
#   Decrease Java thread stack sizes (-Xss)
#   Set larger code cache with -XX:ReservedCodeCacheSize=
#   JVM is running with Unscaled Compressed Oops mode in which the Java heap is
#     placed in the first 4GB address space. The Java Heap base address is the
#     maximum limit for the native heap growth. Please use -XX:HeapBaseMinAddress
#     to set the Java Heap base and to place the Java Heap above 4GB virtual address.
# This output file may be truncated or incomplete.
#
#  Out of Memory Error (arena.cpp:184), pid=20704, tid=25624
#
# JRE version: Java(TM) SE Runtime Environment (18.0+36) (build 18+36-2087)
# Java VM: Java HotSpot(TM) 64-Bit Server VM (18+36-2087, mixed mode, sharing, tiered, compressed oops, compressed class ptrs, g1 gc, windows-amd64)
# No core dump will be written. Minidumps are not enabled by default on client versions of Windows
#

---------------  S U M M A R Y ------------

Command Line: -XX:MaxMetaspaceSize=512m --add-opens=java.base/java.util=ALL-UNNAMED --add-opens=java.base/java.lang=ALL-UNNAMED --add-opens=java.base/java.lang.invoke=ALL-UNNAMED --add-opens=java.prefs/java.util.prefs=ALL-UNNAMED --add-opens=java.base/java.nio.charset=ALL-UNNAMED --add-opens=java.base/java.net=ALL-UNNAMED --add-opens=java.base/java.util.concurrent.atomic=ALL-UNNAMED -Xmx2048m -Dfile.encoding=UTF-8 -Duser.country=US -Duser.language=en -Duser.variant org.gradle.launcher.daemon.bootstrap.GradleDaemon 8.0.1

Host: AMD Ryzen 5 4600H with Radeon Graphics         , 12 cores, 15G,  Windows 11 , 64 bit Build 22621 (10.0.22621.2215)
Time: Sat Oct 14 03:04:58 2023 SE Asia Standard Time elapsed time: 151.139985 seconds (0d 0h 2m 31s)

---------------  T H R E A D  ---------------

Current thread (0x00000242ec163a10):  JavaThread "C2 CompilerThread0" daemon [_thread_in_native, id=25624, stack(0x0000008eccd00000,0x0000008ecce00000)]


Current CompileTask:
C2: 151140 13431       4       java.util.ComparableTimSort::binarySort (223 bytes)

Stack: [0x0000008eccd00000,0x0000008ecce00000]
Native frames: (J=compiled Java code, j=interpreted, Vv=VM code, C=native code)
V  [jvm.dll+0x69804a]
V  [jvm.dll+0x7f308d]
V  [jvm.dll+0x7f499e]
V  [jvm.dll+0x7f5053]
V  [jvm.dll+0x25ca3f]
V  [jvm.dll+0xb8c2f]
V  [jvm.dll+0xb8fa5]
V  [jvm.dll+0x385a6b]
V  [jvm.dll+0x34f811]
V  [jvm.dll+0x34ecaa]
V  [jvm.dll+0x22fc21]
V  [jvm.dll+0x22eff1]
V  [jvm.dll+0x1b9cfc]
V  [jvm.dll+0x23e8ca]
V  [jvm.dll+0x23cbac]
V  [jvm.dll+0x7a5781]
V  [jvm.dll+0x79fbba]
V  [jvm.dll+0x696ef5]
C  [ucrtbase.dll+0x29363]
C  [KERNEL32.DLL+0x1257d]
C  [ntdll.dll+0x5aa68]


---------------  P R O C E S S  ---------------

Threads class SMR info:
_java_thread_list=0x00000242f6652290, length=181, elements={
0x00000242cdab3ca0, 0x00000242ec149e00, 0x00000242ec14aa60, 0x00000242ec15c920,
0x00000242ec15d9e0, 0x00000242ec15e380, 0x00000242ec160d30, 0x00000242ec163a10,
0x00000242ec16c400, 0x00000242ec16cde0, 0x00000242f0505710, 0x00000242f050bfb0,
0x00000242f1559630, 0x00000242f067ed90, 0x00000242f1a39030, 0x00000242f1b5e310,
0x00000242f1a9cba0, 0x00000242f1c37ee0, 0x00000242f1c3d5e0, 0x00000242f1c3dab0,
0x00000242f1c40130, 0x00000242f1c40fa0, 0x00000242f1c3e920, 0x00000242f1c40600,
0x00000242f1c40ad0, 0x00000242f1c3fc60, 0x00000242f3bf1b10, 0x00000242f3bf1fe0,
0x00000242f3bf5000, 0x00000242f3bf1170, 0x00000242f3bf4b30, 0x00000242f3bf54d0,
0x00000242f3bf37f0, 0x00000242f3bf1640, 0x00000242f3bf84f0, 0x00000242f3bf6340,
0x00000242f3bf6ce0, 0x00000242f3bf4660, 0x00000242f3bf7680, 0x00000242f3bf7b50,
0x00000242f3bf89c0, 0x00000242f24eca30, 0x00000242f24ebbc0, 0x00000242f24e7860,
0x00000242f24e5b80, 0x00000242f24e6050, 0x00000242f24e56b0, 0x00000242f24e6520,
0x00000242f24e69f0, 0x00000242f24e9ee0, 0x00000242f24e6ec0, 0x00000242f24e7d30,
0x00000242f24e9070, 0x00000242f24e8200, 0x00000242f24e86d0, 0x00000242f24e9540,
0x00000242f24ea3b0, 0x00000242f24e9a10, 0x00000242f24ea880, 0x00000242f24ead50,
0x00000242f24eb220, 0x00000242f24ec090, 0x00000242f24eb6f0, 0x00000242f26afd90,
0x00000242f26ac8a0, 0x00000242f26ad240, 0x00000242f26b0260, 0x00000242f26b3750,
0x00000242f26b1a70, 0x00000242f26ae0b0, 0x00000242f26b15a0, 0x00000242f26af8c0,
0x00000242f26aea50, 0x00000242f26b0730, 0x00000242f26b40f0, 0x00000242f26b3c20,
0x00000242f26acd70, 0x00000242f26b0c00, 0x00000242f26adbe0, 0x00000242f26af3f0,
0x00000242f26ae580, 0x00000242f26b2db0, 0x00000242f2ea18a0, 0x00000242f2e9da10,
0x00000242f2e9d070, 0x00000242f2e9d540, 0x00000242f2e9b860, 0x00000242f2e9f6f0,
0x00000242f2e9c200, 0x00000242f2e9dee0, 0x00000242f2e9f220, 0x00000242f2e9e3b0,
0x00000242f2e9fbc0, 0x00000242f2e9bd30, 0x00000242f2e9cba0, 0x00000242f2e9e880,
0x00000242f2ea2710, 0x00000242f2ea0090, 0x00000242f2ea0560, 0x00000242f2e9ed50,
0x00000242f2ea0a30, 0x00000242f2ea0f00, 0x00000242f2ea13d0, 0x00000242f2e9c6d0,
0x00000242f2ea1d70, 0x00000242f2ea2240, 0x00000242f2e9aec0, 0x00000242f2e9b390,
0x00000242f25bf750, 0x00000242f25bcc00, 0x00000242f25c00f0, 0x00000242f25bd5a0,
0x00000242f25baa50, 0x00000242f25bdf40, 0x00000242f25b9be0, 0x00000242f25bb3f0,
0x00000242f25b9240, 0x00000242f25bedb0, 0x00000242f25c0a90, 0x00000242f25bd0d0,
0x00000242f25ba0b0, 0x00000242f25bda70, 0x00000242f25b9710, 0x00000242f25c05c0,
0x00000242f25bfc20, 0x00000242f25bf280, 0x00000242f25bb8c0, 0x00000242f25ba580,
0x00000242f25baf20, 0x00000242f25bbd90, 0x00000242f25bc260, 0x00000242f25be8e0,
0x00000242f25bc730, 0x00000242f2afced0, 0x00000242f2afbb90, 0x00000242f2afa380,
0x00000242f2af9040, 0x00000242f2af81d0, 0x00000242f2af5b50, 0x00000242f2af9510,
0x00000242f2afc530, 0x00000242f2af99e0, 0x00000242f2af5680, 0x00000242f2af69c0,
0x00000242f2afb1f0, 0x00000242f2af7d00, 0x00000242f2afb6c0, 0x00000242f2afc060,
0x00000242f2af6e90, 0x00000242f2afa850, 0x00000242f2af6020, 0x00000242f2af64f0,
0x00000242f2af9eb0, 0x00000242f2af7360, 0x00000242f2af7830, 0x00000242f2afca00,
0x00000242f2af86a0, 0x00000242f2afad20, 0x00000242f2af8b70, 0x00000242f3fdd610,
0x00000242f3fd7f70, 0x00000242f3fd8910, 0x00000242f3fdb460, 0x00000242f3fd9c50,
0x00000242f3fdb930, 0x00000242f3fd75d0, 0x00000242f3fd8de0, 0x00000242f3fda120,
0x00000242f3fddae0, 0x00000242f3fda5f0, 0x00000242f3fdaac0, 0x00000242f3fd92b0,
0x00000242f3fdcc70, 0x00000242f3fdbe00, 0x00000242f3fd7100, 0x00000242f3fd7aa0,
0x00000242f3fd9780, 0x00000242f3fdd140, 0x00000242f3fdc2d0, 0x00000242f3fdaf90,
0x00000242f3fd8440
}

Java Threads: ( => current thread )
  0x00000242cdab3ca0 JavaThread "main" [_thread_blocked, id=24684, stack(0x0000008ecc000000,0x0000008ecc100000)]
  0x00000242ec149e00 JavaThread "Reference Handler" daemon [_thread_blocked, id=25280, stack(0x0000008ecc700000,0x0000008ecc800000)]
  0x00000242ec14aa60 JavaThread "Finalizer" daemon [_thread_blocked, id=25604, stack(0x0000008ecc800000,0x0000008ecc900000)]
  0x00000242ec15c920 JavaThread "Signal Dispatcher" daemon [_thread_blocked, id=25608, stack(0x0000008ecc900000,0x0000008ecca00000)]
  0x00000242ec15d9e0 JavaThread "Attach Listener" daemon [_thread_blocked, id=25612, stack(0x0000008ecca00000,0x0000008eccb00000)]
  0x00000242ec15e380 JavaThread "Service Thread" daemon [_thread_blocked, id=25616, stack(0x0000008eccb00000,0x0000008eccc00000)]
  0x00000242ec160d30 JavaThread "Monitor Deflation Thread" daemon [_thread_blocked, id=25620, stack(0x0000008eccc00000,0x0000008eccd00000)]
=>0x00000242ec163a10 JavaThread "C2 CompilerThread0" daemon [_thread_in_native, id=25624, stack(0x0000008eccd00000,0x0000008ecce00000)]
  0x00000242ec16c400 JavaThread "C1 CompilerThread0" daemon [_thread_blocked, id=25628, stack(0x0000008ecce00000,0x0000008eccf00000)]
  0x00000242ec16cde0 JavaThread "Sweeper thread" daemon [_thread_blocked, id=25632, stack(0x0000008eccf00000,0x0000008ecd000000)]
  0x00000242f0505710 JavaThread "Common-Cleaner" daemon [_thread_blocked, id=25636, stack(0x0000008ecd000000,0x0000008ecd100000)]
  0x00000242f050bfb0 JavaThread "Notification Thread" daemon [_thread_blocked, id=25640, stack(0x0000008ecd100000,0x0000008ecd200000)]
  0x00000242f1559630 JavaThread "Daemon health stats" [_thread_blocked, id=25672, stack(0x0000008ecd800000,0x0000008ecd900000)]
  0x00000242f067ed90 JavaThread "Incoming local TCP Connector on port 59235" [_thread_in_native, id=25676, stack(0x0000008ecd300000,0x0000008ecd400000)]
  0x00000242f1a39030 JavaThread "Daemon periodic checks" [_thread_blocked, id=25680, stack(0x0000008ecd900000,0x0000008ecda00000)]
  0x00000242f1b5e310 JavaThread "Daemon" [_thread_blocked, id=25688, stack(0x0000008ecda00000,0x0000008ecdb00000)]
  0x00000242f1a9cba0 JavaThread "Handler for socket connection from /127.0.0.1:59235 to /127.0.0.1:59236" [_thread_in_native, id=25692, stack(0x0000008ecdb00000,0x0000008ecdc00000)]
  0x00000242f1c37ee0 JavaThread "Cancel handler" [_thread_blocked, id=25696, stack(0x0000008ecdc00000,0x0000008ecdd00000)]
  0x00000242f1c3d5e0 JavaThread "Daemon worker" [_thread_in_native, id=25700, stack(0x0000008ecdd00000,0x0000008ecde00000)]
  0x00000242f1c3dab0 JavaThread "Asynchronous log dispatcher for DefaultDaemonConnection: socket connection from /127.0.0.1:59235 to /127.0.0.1:59236" [_thread_blocked, id=25712, stack(0x0000008ecde00000,0x0000008ecdf00000)]
  0x00000242f1c40130 JavaThread "Daemon client event forwarder" [_thread_blocked, id=25720, stack(0x0000008ece000000,0x0000008ece100000)]
  0x00000242f1c40fa0 JavaThread "Cache worker for journal cache (C:\Users\hotti\.gradle\caches\journal-1)" [_thread_blocked, id=25728, stack(0x0000008ece100000,0x0000008ece200000)]
  0x00000242f1c3e920 JavaThread "File lock request listener" [_thread_in_native, id=25732, stack(0x0000008ece200000,0x0000008ece300000)]
  0x00000242f1c40600 JavaThread "Cache worker for file hash cache (C:\Users\hotti\.gradle\caches\8.0.1\fileHashes)" [_thread_blocked, id=25748, stack(0x0000008ece400000,0x0000008ece500000)]
  0x00000242f1c40ad0 JavaThread "File watcher server" daemon [_thread_in_native, id=25756, stack(0x0000008ece600000,0x0000008ece700000)]
  0x00000242f1c3fc60 JavaThread "File watcher consumer" daemon [_thread_blocked, id=25760, stack(0x0000008ece700000,0x0000008ece800000)]
  0x00000242f3bf1b10 JavaThread "Cache worker for checksums cache (D:\Reactnative\AwesomeProject1\android\.gradle\8.0.1\checksums)" [_thread_blocked, id=25908, stack(0x0000008ece800000,0x0000008ece900000)]
  0x00000242f3bf1fe0 JavaThread "Cache worker for cache directory md-rule (C:\Users\hotti\.gradle\caches\8.0.1\md-rule)" [_thread_blocked, id=25912, stack(0x0000008ece900000,0x0000008ecea00000)]
  0x00000242f3bf5000 JavaThread "Cache worker for file content cache (C:\Users\hotti\.gradle\caches\8.0.1\fileContent)" [_thread_blocked, id=25944, stack(0x0000008ecf100000,0x0000008ecf200000)]
  0x00000242f3bf1170 JavaThread "Cache worker for file hash cache (D:\Reactnative\AwesomeProject1\android\.gradle\8.0.1\fileHashes)" [_thread_blocked, id=25948, stack(0x0000008ecf200000,0x0000008ecf300000)]
  0x00000242f3bf4b30 JavaThread "Cache worker for cache directory md-supplier (C:\Users\hotti\.gradle\caches\8.0.1\md-supplier)" [_thread_blocked, id=25956, stack(0x0000008ecf300000,0x0000008ecf400000)]
  0x00000242f3bf54d0 JavaThread "Cache worker for execution history cache (C:\Users\hotti\.gradle\caches\8.0.1\executionHistory)" [_thread_blocked, id=25964, stack(0x0000008ecf400000,0x0000008ecf500000)]
  0x00000242f3bf37f0 JavaThread "jar transforms" [_thread_blocked, id=25992, stack(0x0000008ecf500000,0x0000008ecf600000)]
  0x00000242f3bf1640 JavaThread "jar transforms Thread 2" [_thread_blocked, id=26000, stack(0x0000008ecf600000,0x0000008ecf700000)]
  0x00000242f3bf84f0 JavaThread "jar transforms Thread 3" [_thread_blocked, id=26008, stack(0x0000008ecf700000,0x0000008ecf800000)]
  0x00000242f3bf6340 JavaThread "jar transforms Thread 4" [_thread_blocked, id=26012, stack(0x0000008ecf800000,0x0000008ecf900000)]
  0x00000242f3bf6ce0 JavaThread "Cache worker for kotlin-dsl (C:\Users\hotti\.gradle\caches\8.0.1\kotlin-dsl)" [_thread_blocked, id=26532, stack(0x0000008ecf900000,0x0000008ecfa00000)]
  0x00000242f3bf4660 JavaThread "jar transforms Thread 5" [_thread_blocked, id=26540, stack(0x0000008ecfa00000,0x0000008ecfb00000)]
  0x00000242f3bf7680 JavaThread "jar transforms Thread 6" [_thread_blocked, id=26544, stack(0x0000008ecfb00000,0x0000008ecfc00000)]
  0x00000242f3bf7b50 JavaThread "Cache worker for dependencies-accessors (D:\Reactnative\AwesomeProject1\android\.gradle\8.0.1\dependencies-accessors)" [_thread_blocked, id=26548, stack(0x0000008ecfc00000,0x0000008ecfd00000)]
  0x00000242f3bf89c0 JavaThread "Cache worker for Build Output Cleanup Cache (D:\Reactnative\AwesomeProject1\node_modules\@react-native\gradle-plugin\.gradle\buildOutputCleanup)" [_thread_blocked, id=26552, stack(0x0000008ecfd00000,0x0000008ecfe00000)]
  0x00000242f24eca30 JavaThread "jar transforms Thread 7" [_thread_blocked, id=26556, stack(0x0000008ecfe00000,0x0000008ecff00000)]
  0x00000242f24ebbc0 JavaThread "Unconstrained build operations" [_thread_blocked, id=26568, stack(0x0000008ecff00000,0x0000008ed0000000)]
  0x00000242f24e7860 JavaThread "Unconstrained build operations Thread 2" [_thread_blocked, id=26572, stack(0x0000008ed0000000,0x0000008ed0100000)]
  0x00000242f24e5b80 JavaThread "Unconstrained build operations Thread 3" [_thread_blocked, id=26576, stack(0x0000008ed0100000,0x0000008ed0200000)]
  0x00000242f24e6050 JavaThread "Unconstrained build operations Thread 4" [_thread_blocked, id=26580, stack(0x0000008ed0200000,0x0000008ed0300000)]
  0x00000242f24e56b0 JavaThread "Unconstrained build operations Thread 5" [_thread_blocked, id=26584, stack(0x0000008ed0300000,0x0000008ed0400000)]
  0x00000242f24e6520 JavaThread "Unconstrained build operations Thread 6" [_thread_blocked, id=26588, stack(0x0000008ed0400000,0x0000008ed0500000)]
  0x00000242f24e69f0 JavaThread "Unconstrained build operations Thread 7" [_thread_blocked, id=26592, stack(0x0000008ed0500000,0x0000008ed0600000)]
  0x00000242f24e9ee0 JavaThread "Unconstrained build operations Thread 8" [_thread_blocked, id=26596, stack(0x0000008ed0600000,0x0000008ed0700000)]
  0x00000242f24e6ec0 JavaThread "Unconstrained build operations Thread 9" [_thread_blocked, id=26600, stack(0x0000008ed0700000,0x0000008ed0800000)]
  0x00000242f24e7d30 JavaThread "Unconstrained build operations Thread 10" [_thread_blocked, id=26604, stack(0x0000008ed0800000,0x0000008ed0900000)]
  0x00000242f24e9070 JavaThread "Unconstrained build operations Thread 11" [_thread_blocked, id=26608, stack(0x0000008ed0900000,0x0000008ed0a00000)]
  0x00000242f24e8200 JavaThread "Unconstrained build operations Thread 12" [_thread_blocked, id=26612, stack(0x0000008ed0a00000,0x0000008ed0b00000)]
  0x00000242f24e86d0 JavaThread "Unconstrained build operations Thread 13" [_thread_blocked, id=26616, stack(0x0000008ed0b00000,0x0000008ed0c00000)]
  0x00000242f24e9540 JavaThread "Unconstrained build operations Thread 14" [_thread_blocked, id=26620, stack(0x0000008ed0c00000,0x0000008ed0d00000)]
  0x00000242f24ea3b0 JavaThread "Unconstrained build operations Thread 15" [_thread_blocked, id=24680, stack(0x0000008ed0d00000,0x0000008ed0e00000)]
  0x00000242f24e9a10 JavaThread "Unconstrained build operations Thread 16" [_thread_blocked, id=23480, stack(0x0000008ed0e00000,0x0000008ed0f00000)]
  0x00000242f24ea880 JavaThread "Unconstrained build operations Thread 17" [_thread_blocked, id=11324, stack(0x0000008ed0f00000,0x0000008ed1000000)]
  0x00000242f24ead50 JavaThread "Unconstrained build operations Thread 18" [_thread_blocked, id=25072, stack(0x0000008ed1000000,0x0000008ed1100000)]
  0x00000242f24eb220 JavaThread "Unconstrained build operations Thread 19" [_thread_blocked, id=23108, stack(0x0000008ed1100000,0x0000008ed1200000)]
  0x00000242f24ec090 JavaThread "Unconstrained build operations Thread 20" [_thread_blocked, id=22008, stack(0x0000008ed1200000,0x0000008ed1300000)]
  0x00000242f24eb6f0 JavaThread "Unconstrained build operations Thread 21" [_thread_blocked, id=25064, stack(0x0000008ed1300000,0x0000008ed1400000)]
  0x00000242f26afd90 JavaThread "Unconstrained build operations Thread 22" [_thread_blocked, id=22316, stack(0x0000008ed1400000,0x0000008ed1500000)]
  0x00000242f26ac8a0 JavaThread "Unconstrained build operations Thread 23" [_thread_blocked, id=22060, stack(0x0000008ed1500000,0x0000008ed1600000)]
  0x00000242f26ad240 JavaThread "Unconstrained build operations Thread 24" [_thread_blocked, id=14532, stack(0x0000008ed1600000,0x0000008ed1700000)]
  0x00000242f26b0260 JavaThread "Unconstrained build operations Thread 25" [_thread_blocked, id=9924, stack(0x0000008ed1700000,0x0000008ed1800000)]
  0x00000242f26b3750 JavaThread "Unconstrained build operations Thread 26" [_thread_blocked, id=15340, stack(0x0000008ed1800000,0x0000008ed1900000)]
  0x00000242f26b1a70 JavaThread "jar transforms Thread 8" [_thread_blocked, id=25532, stack(0x0000008ed1900000,0x0000008ed1a00000)]
  0x00000242f26ae0b0 JavaThread "jar transforms Thread 9" [_thread_blocked, id=17288, stack(0x0000008ed1a00000,0x0000008ed1b00000)]
  0x00000242f26b15a0 JavaThread "jar transforms Thread 10" [_thread_blocked, id=9672, stack(0x0000008ed1b00000,0x0000008ed1c00000)]
  0x00000242f26af8c0 JavaThread "jar transforms Thread 11" [_thread_blocked, id=25648, stack(0x0000008ed1c00000,0x0000008ed1d00000)]
  0x00000242f26aea50 JavaThread "jar transforms Thread 12" [_thread_blocked, id=24276, stack(0x0000008ed1d00000,0x0000008ed1e00000)]
  0x00000242f26b0730 JavaThread "Memory manager" [_thread_blocked, id=25804, stack(0x0000008ed1e00000,0x0000008ed1f00000)]
  0x00000242f26b40f0 JavaThread "Cache worker for Build Output Cleanup Cache (D:\Reactnative\AwesomeProject1\android\.gradle\buildOutputCleanup)" [_thread_blocked, id=15748, stack(0x0000008ece500000,0x0000008ece600000)]
  0x00000242f26b3c20 JavaThread "Execution worker" [_thread_blocked, id=22636, stack(0x0000008ed2100000,0x0000008ed2200000)]
  0x00000242f26acd70 JavaThread "Execution worker Thread 2" [_thread_blocked, id=23884, stack(0x0000008ed2200000,0x0000008ed2300000)]
  0x00000242f26b0c00 JavaThread "Execution worker Thread 3" [_thread_blocked, id=2308, stack(0x0000008ed2300000,0x0000008ed2400000)]
  0x00000242f26adbe0 JavaThread "Execution worker Thread 4" [_thread_blocked, id=13124, stack(0x0000008ed2400000,0x0000008ed2500000)]
  0x00000242f26af3f0 JavaThread "Execution worker Thread 5" [_thread_blocked, id=26084, stack(0x0000008ed2500000,0x0000008ed2600000)]
  0x00000242f26ae580 JavaThread "Execution worker Thread 6" [_thread_blocked, id=26088, stack(0x0000008ed2600000,0x0000008ed2700000)]
  0x00000242f26b2db0 JavaThread "Execution worker Thread 7" [_thread_blocked, id=26092, stack(0x0000008ed2700000,0x0000008ed2800000)]
  0x00000242f2ea18a0 JavaThread "Execution worker Thread 8" [_thread_blocked, id=26096, stack(0x0000008ed2800000,0x0000008ed2900000)]
  0x00000242f2e9da10 JavaThread "Execution worker Thread 9" [_thread_blocked, id=26100, stack(0x0000008ed2900000,0x0000008ed2a00000)]
  0x00000242f2e9d070 JavaThread "Execution worker Thread 10" [_thread_blocked, id=26076, stack(0x0000008ed2a00000,0x0000008ed2b00000)]
  0x00000242f2e9d540 JavaThread "Execution worker Thread 11" [_thread_blocked, id=26072, stack(0x0000008ed2b00000,0x0000008ed2c00000)]
  0x00000242f2e9b860 JavaThread "Cache worker for execution history cache (D:\Reactnative\AwesomeProject1\node_modules\@react-native\gradle-plugin\.gradle\8.0.1\executionHistory)" [_thread_blocked, id=26064, stack(0x0000008ed2c00000,0x0000008ed2d00000)]
  0x00000242f2e9f6f0 JavaThread "Unconstrained build operations Thread 27" [_thread_blocked, id=26056, stack(0x0000008ed2d00000,0x0000008ed2e00000)]
  0x00000242f2e9c200 JavaThread "Unconstrained build operations Thread 28" [_thread_blocked, id=26020, stack(0x0000008ed2e00000,0x0000008ed2f00000)]
  0x00000242f2e9dee0 JavaThread "Unconstrained build operations Thread 29" [_thread_blocked, id=26044, stack(0x0000008ed2f00000,0x0000008ed3000000)]
  0x00000242f2e9f220 JavaThread "Unconstrained build operations Thread 30" [_thread_blocked, id=26080, stack(0x0000008ed3000000,0x0000008ed3100000)]
  0x00000242f2e9e3b0 JavaThread "Unconstrained build operations Thread 31" [_thread_blocked, id=26052, stack(0x0000008ed3100000,0x0000008ed3200000)]
  0x00000242f2e9fbc0 JavaThread "Unconstrained build operations Thread 32" [_thread_blocked, id=26048, stack(0x0000008ed3200000,0x0000008ed3300000)]
  0x00000242f2e9bd30 JavaThread "Unconstrained build operations Thread 33" [_thread_blocked, id=26024, stack(0x0000008ed3300000,0x0000008ed3400000)]
  0x00000242f2e9cba0 JavaThread "Unconstrained build operations Thread 34" [_thread_blocked, id=26192, stack(0x0000008ed3400000,0x0000008ed3500000)]
  0x00000242f2e9e880 JavaThread "Unconstrained build operations Thread 35" [_thread_blocked, id=26196, stack(0x0000008ed3500000,0x0000008ed3600000)]
  0x00000242f2ea2710 JavaThread "Unconstrained build operations Thread 36" [_thread_blocked, id=26200, stack(0x0000008ed3600000,0x0000008ed3700000)]
  0x00000242f2ea0090 JavaThread "Unconstrained build operations Thread 37" [_thread_blocked, id=26188, stack(0x0000008ed3700000,0x0000008ed3800000)]
  0x00000242f2ea0560 JavaThread "Unconstrained build operations Thread 38" [_thread_blocked, id=26116, stack(0x0000008ed3800000,0x0000008ed3900000)]
  0x00000242f2e9ed50 JavaThread "Unconstrained build operations Thread 39" [_thread_blocked, id=23676, stack(0x0000008ed3900000,0x0000008ed3a00000)]
  0x00000242f2ea0a30 JavaThread "Unconstrained build operations Thread 40" [_thread_blocked, id=25952, stack(0x0000008ed3a00000,0x0000008ed3b00000)]
  0x00000242f2ea0f00 JavaThread "Unconstrained build operations Thread 41" [_thread_blocked, id=25092, stack(0x0000008ed3b00000,0x0000008ed3c00000)]
  0x00000242f2ea13d0 JavaThread "Unconstrained build operations Thread 42" [_thread_blocked, id=13104, stack(0x0000008ed3c00000,0x0000008ed3d00000)]
  0x00000242f2e9c6d0 JavaThread "Unconstrained build operations Thread 43" [_thread_blocked, id=26368, stack(0x0000008ed3d00000,0x0000008ed3e00000)]
  0x00000242f2ea1d70 JavaThread "Unconstrained build operations Thread 44" [_thread_blocked, id=26372, stack(0x0000008ed3e00000,0x0000008ed3f00000)]
  0x00000242f2ea2240 JavaThread "Unconstrained build operations Thread 45" [_thread_blocked, id=26364, stack(0x0000008ed3f00000,0x0000008ed4000000)]
  0x00000242f2e9aec0 JavaThread "Unconstrained build operations Thread 46" [_thread_blocked, id=26360, stack(0x0000008ed4000000,0x0000008ed4100000)]
  0x00000242f2e9b390 JavaThread "Unconstrained build operations Thread 47" [_thread_blocked, id=26172, stack(0x0000008ed4100000,0x0000008ed4200000)]
  0x00000242f25bf750 JavaThread "Unconstrained build operations Thread 48" [_thread_blocked, id=22592, stack(0x0000008ed4200000,0x0000008ed4300000)]
  0x00000242f25bcc00 JavaThread "Unconstrained build operations Thread 49" [_thread_blocked, id=22548, stack(0x0000008ed4300000,0x0000008ed4400000)]
  0x00000242f25c00f0 JavaThread "Unconstrained build operations Thread 50" [_thread_blocked, id=22612, stack(0x0000008ed4400000,0x0000008ed4500000)]
  0x00000242f25bd5a0 JavaThread "Unconstrained build operations Thread 51" [_thread_blocked, id=26320, stack(0x0000008ed4500000,0x0000008ed4600000)]
  0x00000242f25baa50 JavaThread "Unconstrained build operations Thread 52" [_thread_blocked, id=26416, stack(0x0000008ed4600000,0x0000008ed4700000)]
  0x00000242f25bdf40 JavaThread "Unconstrained build operations Thread 53" [_thread_blocked, id=26388, stack(0x0000008ed4700000,0x0000008ed4800000)]
  0x00000242f25b9be0 JavaThread "Unconstrained build operations Thread 54" [_thread_blocked, id=26380, stack(0x0000008ed4800000,0x0000008ed4900000)]
  0x00000242f25bb3f0 JavaThread "Unconstrained build operations Thread 55" [_thread_blocked, id=26384, stack(0x0000008ed4900000,0x0000008ed4a00000)]
  0x00000242f25b9240 JavaThread "Unconstrained build operations Thread 56" [_thread_blocked, id=26352, stack(0x0000008ed4a00000,0x0000008ed4b00000)]
  0x00000242f25bedb0 JavaThread "Unconstrained build operations Thread 57" [_thread_blocked, id=26376, stack(0x0000008ed4b00000,0x0000008ed4c00000)]
  0x00000242f25c0a90 JavaThread "Unconstrained build operations Thread 58" [_thread_blocked, id=26356, stack(0x0000008ed4c00000,0x0000008ed4d00000)]
  0x00000242f25bd0d0 JavaThread "Unconstrained build operations Thread 59" [_thread_blocked, id=26456, stack(0x0000008ed4d00000,0x0000008ed4e00000)]
  0x00000242f25ba0b0 JavaThread "Unconstrained build operations Thread 60" [_thread_blocked, id=26464, stack(0x0000008ed4e00000,0x0000008ed4f00000)]
  0x00000242f25bda70 JavaThread "Unconstrained build operations Thread 61" [_thread_blocked, id=26460, stack(0x0000008ed4f00000,0x0000008ed5000000)]
  0x00000242f25b9710 JavaThread "Unconstrained build operations Thread 62" [_thread_blocked, id=26452, stack(0x0000008ed5000000,0x0000008ed5100000)]
  0x00000242f25c05c0 JavaThread "Unconstrained build operations Thread 63" [_thread_blocked, id=23956, stack(0x0000008ed5100000,0x0000008ed5200000)]
  0x00000242f25bfc20 JavaThread "Unconstrained build operations Thread 64" [_thread_blocked, id=23212, stack(0x0000008ed5200000,0x0000008ed5300000)]
  0x00000242f25bf280 JavaThread "Unconstrained build operations Thread 65" [_thread_blocked, id=10856, stack(0x0000008ed5300000,0x0000008ed5400000)]
  0x00000242f25bb8c0 JavaThread "Unconstrained build operations Thread 66" [_thread_blocked, id=26240, stack(0x0000008ed5400000,0x0000008ed5500000)]
  0x00000242f25ba580 JavaThread "Unconstrained build operations Thread 67" [_thread_blocked, id=26244, stack(0x0000008ed5500000,0x0000008ed5600000)]
  0x00000242f25baf20 JavaThread "Unconstrained build operations Thread 68" [_thread_blocked, id=26248, stack(0x0000008ed5600000,0x0000008ed5700000)]
  0x00000242f25bbd90 JavaThread "Unconstrained build operations Thread 69" [_thread_blocked, id=26252, stack(0x0000008ed5700000,0x0000008ed5800000)]
  0x00000242f25bc260 JavaThread "Unconstrained build operations Thread 70" [_thread_blocked, id=26256, stack(0x0000008ed5800000,0x0000008ed5900000)]
  0x00000242f25be8e0 JavaThread "Unconstrained build operations Thread 71" [_thread_blocked, id=26236, stack(0x0000008ed5900000,0x0000008ed5a00000)]
  0x00000242f25bc730 JavaThread "Unconstrained build operations Thread 72" [_thread_blocked, id=26232, stack(0x0000008ed5a00000,0x0000008ed5b00000)]
  0x00000242f2afced0 JavaThread "Unconstrained build operations Thread 73" [_thread_blocked, id=26228, stack(0x0000008ed5b00000,0x0000008ed5c00000)]
  0x00000242f2afbb90 JavaThread "Unconstrained build operations Thread 74" [_thread_blocked, id=26224, stack(0x0000008ed5c00000,0x0000008ed5d00000)]
  0x00000242f2afa380 JavaThread "Unconstrained build operations Thread 75" [_thread_blocked, id=26220, stack(0x0000008ed5d00000,0x0000008ed5e00000)]
  0x00000242f2af9040 JavaThread "Unconstrained build operations Thread 76" [_thread_blocked, id=26216, stack(0x0000008ed5e00000,0x0000008ed5f00000)]
  0x00000242f2af81d0 JavaThread "Unconstrained build operations Thread 77" [_thread_blocked, id=26208, stack(0x0000008ed5f00000,0x0000008ed6000000)]
  0x00000242f2af5b50 JavaThread "Unconstrained build operations Thread 78" [_thread_blocked, id=26212, stack(0x0000008ed6000000,0x0000008ed6100000)]
  0x00000242f2af9510 JavaThread "Unconstrained build operations Thread 79" [_thread_blocked, id=26180, stack(0x0000008ed6100000,0x0000008ed6200000)]
  0x00000242f2afc530 JavaThread "Unconstrained build operations Thread 80" [_thread_blocked, id=26204, stack(0x0000008ed6200000,0x0000008ed6300000)]
  0x00000242f2af99e0 JavaThread "Unconstrained build operations Thread 81" [_thread_blocked, id=26184, stack(0x0000008ed6300000,0x0000008ed6400000)]
  0x00000242f2af5680 JavaThread "Unconstrained build operations Thread 82" [_thread_blocked, id=26016, stack(0x0000008ed6400000,0x0000008ed6500000)]
  0x00000242f2af69c0 JavaThread "Unconstrained build operations Thread 83" [_thread_blocked, id=26176, stack(0x0000008ed6500000,0x0000008ed6600000)]
  0x00000242f2afb1f0 JavaThread "Unconstrained build operations Thread 84" [_thread_blocked, id=26432, stack(0x0000008ed6600000,0x0000008ed6700000)]
  0x00000242f2af7d00 JavaThread "Unconstrained build operations Thread 85" [_thread_blocked, id=18804, stack(0x0000008ed6700000,0x0000008ed6800000)]
  0x00000242f2afb6c0 JavaThread "Unconstrained build operations Thread 86" [_thread_blocked, id=17692, stack(0x0000008ed6800000,0x0000008ed6900000)]
  0x00000242f2afc060 JavaThread "Unconstrained build operations Thread 87" [_thread_blocked, id=2964, stack(0x0000008ed6900000,0x0000008ed6a00000)]
  0x00000242f2af6e90 JavaThread "Unconstrained build operations Thread 88" [_thread_blocked, id=17268, stack(0x0000008ed6a00000,0x0000008ed6b00000)]
  0x00000242f2afa850 JavaThread "Unconstrained build operations Thread 89" [_thread_blocked, id=26524, stack(0x0000008ed6b00000,0x0000008ed6c00000)]
  0x00000242f2af6020 JavaThread "Unconstrained build operations Thread 90" [_thread_blocked, id=7868, stack(0x0000008ed6c00000,0x0000008ed6d00000)]
  0x00000242f2af64f0 JavaThread "Unconstrained build operations Thread 91" [_thread_blocked, id=23512, stack(0x0000008ed6d00000,0x0000008ed6e00000)]
  0x00000242f2af9eb0 JavaThread "Unconstrained build operations Thread 92" [_thread_blocked, id=26504, stack(0x0000008ed6e00000,0x0000008ed6f00000)]
  0x00000242f2af7360 JavaThread "Unconstrained build operations Thread 93" [_thread_blocked, id=26508, stack(0x0000008ed6f00000,0x0000008ed7000000)]
  0x00000242f2af7830 JavaThread "Unconstrained build operations Thread 94" [_thread_blocked, id=26512, stack(0x0000008ed7000000,0x0000008ed7100000)]
  0x00000242f2afca00 JavaThread "Unconstrained build operations Thread 95" [_thread_blocked, id=26516, stack(0x0000008ed7100000,0x0000008ed7200000)]
  0x00000242f2af86a0 JavaThread "Unconstrained build operations Thread 96" [_thread_blocked, id=26520, stack(0x0000008ed7200000,0x0000008ed7300000)]
  0x00000242f2afad20 JavaThread "Unconstrained build operations Thread 97" [_thread_blocked, id=26500, stack(0x0000008ed7300000,0x0000008ed7400000)]
  0x00000242f2af8b70 JavaThread "Unconstrained build operations Thread 98" [_thread_blocked, id=26496, stack(0x0000008ed7400000,0x0000008ed7500000)]
  0x00000242f3fdd610 JavaThread "Unconstrained build operations Thread 99" [_thread_blocked, id=26492, stack(0x0000008ed7500000,0x0000008ed7600000)]
  0x00000242f3fd7f70 JavaThread "Unconstrained build operations Thread 100" [_thread_blocked, id=26488, stack(0x0000008ed7600000,0x0000008ed7700000)]
  0x00000242f3fd8910 JavaThread "Unconstrained build operations Thread 101" [_thread_blocked, id=26484, stack(0x0000008ed7700000,0x0000008ed7800000)]
  0x00000242f3fdb460 JavaThread "Unconstrained build operations Thread 102" [_thread_blocked, id=26480, stack(0x0000008ed7800000,0x0000008ed7900000)]
  0x00000242f3fd9c50 JavaThread "Unconstrained build operations Thread 103" [_thread_blocked, id=26468, stack(0x0000008ed7900000,0x0000008ed7a00000)]
  0x00000242f3fdb930 JavaThread "Unconstrained build operations Thread 104" [_thread_blocked, id=26444, stack(0x0000008ed7a00000,0x0000008ed7b00000)]
  0x00000242f3fd75d0 JavaThread "Unconstrained build operations Thread 105" [_thread_blocked, id=26472, stack(0x0000008ed7b00000,0x0000008ed7c00000)]
  0x00000242f3fd8de0 JavaThread "Unconstrained build operations Thread 106" [_thread_blocked, id=26476, stack(0x0000008ed7c00000,0x0000008ed7d00000)]
  0x00000242f3fda120 JavaThread "Unconstrained build operations Thread 107" [_thread_blocked, id=26448, stack(0x0000008ed7d00000,0x0000008ed7e00000)]
  0x00000242f3fddae0 JavaThread "Unconstrained build operations Thread 108" [_thread_blocked, id=26348, stack(0x0000008ed7e00000,0x0000008ed7f00000)]
  0x00000242f3fda5f0 JavaThread "Unconstrained build operations Thread 109" [_thread_blocked, id=26440, stack(0x0000008ed7f00000,0x0000008ed8000000)]
  0x00000242f3fdaac0 JavaThread "Unconstrained build operations Thread 110" [_thread_blocked, id=25988, stack(0x0000008ed8000000,0x0000008ed8100000)]
  0x00000242f3fd92b0 JavaThread "Unconstrained build operations Thread 111" [_thread_blocked, id=25744, stack(0x0000008ed8100000,0x0000008ed8200000)]
  0x00000242f3fdcc70 JavaThread "Unconstrained build operations Thread 112" [_thread_blocked, id=16932, stack(0x0000008ed8200000,0x0000008ed8300000)]
  0x00000242f3fdbe00 JavaThread "Unconstrained build operations Thread 113" [_thread_blocked, id=25800, stack(0x0000008ed8300000,0x0000008ed8400000)]
  0x00000242f3fd7100 JavaThread "Unconstrained build operations Thread 114" [_thread_blocked, id=26168, stack(0x0000008ed8400000,0x0000008ed8500000)]
  0x00000242f3fd7aa0 JavaThread "Unconstrained build operations Thread 115" [_thread_blocked, id=26528, stack(0x0000008ed8500000,0x0000008ed8600000)]
  0x00000242f3fd9780 JavaThread "Unconstrained build operations Thread 116" [_thread_blocked, id=20240, stack(0x0000008ed8600000,0x0000008ed8700000)]
  0x00000242f3fdd140 JavaThread "Unconstrained build operations Thread 117" [_thread_blocked, id=24316, stack(0x0000008ed8700000,0x0000008ed8800000)]
  0x00000242f3fdc2d0 JavaThread "Unconstrained build operations Thread 118" [_thread_blocked, id=26628, stack(0x0000008ed8800000,0x0000008ed8900000)]
  0x00000242f3fdaf90 JavaThread "Unconstrained build operations Thread 119" [_thread_blocked, id=26632, stack(0x0000008ed8900000,0x0000008ed8a00000)]
  0x00000242f3fd8440 JavaThread "Unconstrained build operations Thread 120" [_thread_blocked, id=26636, stack(0x0000008ed8a00000,0x0000008ed8b00000)]

Other Threads:
  0x00000242ec147b50 VMThread "VM Thread" [stack: 0x0000008ecc600000,0x0000008ecc700000] [id=4548]
  0x00000242f050ea90 WatcherThread "VM Periodic Task Thread" [stack: 0x0000008ecd200000,0x0000008ecd300000] [id=25644]
  0x00000242cdb11980 WorkerThread "GC Thread#0" [stack: 0x0000008ecc100000,0x0000008ecc200000] [id=19788]
  0x00000242f0eda3d0 WorkerThread "GC Thread#1" [stack: 0x0000008ecd400000,0x0000008ecd500000] [id=25656]
  0x00000242f0f513b0 WorkerThread "GC Thread#2" [stack: 0x0000008ecd500000,0x0000008ecd600000] [id=25660]
  0x00000242f125b2f0 WorkerThread "GC Thread#3" [stack: 0x0000008ecd600000,0x0000008ecd700000] [id=25664]
  0x00000242f125bdb0 WorkerThread "GC Thread#4" [stack: 0x0000008ecd700000,0x0000008ecd800000] [id=25668]
  0x00000242f24a47d0 WorkerThread "GC Thread#5" [stack: 0x0000008ecea00000,0x0000008eceb00000] [id=25916]
  0x00000242f27f77e0 WorkerThread "GC Thread#6" [stack: 0x0000008eceb00000,0x0000008ecec00000] [id=25920]
  0x00000242f1fc3090 WorkerThread "GC Thread#7" [stack: 0x0000008ecec00000,0x0000008eced00000] [id=25924]
  0x00000242f1fc1b90 WorkerThread "GC Thread#8" [stack: 0x0000008eced00000,0x0000008ecee00000] [id=25928]
  0x00000242f1fc18f0 WorkerThread "GC Thread#9" [stack: 0x0000008ecee00000,0x0000008ecef00000] [id=25932]
  0x00000242cdb248d0 ConcurrentGCThread "G1 Main Marker" [stack: 0x0000008ecc200000,0x0000008ecc300000] [id=23752]
  0x00000242cdb252c0 WorkerThread "G1 Conc#0" [stack: 0x0000008ecc300000,0x0000008ecc400000] [id=23964]
  0x00000242f1fc2610 WorkerThread "G1 Conc#1" [stack: 0x0000008ecef00000,0x0000008ecf000000] [id=25936]
  0x00000242f1fc2df0 WorkerThread "G1 Conc#2" [stack: 0x0000008ecf000000,0x0000008ecf100000] [id=25940]
  0x00000242cdb6e840 ConcurrentGCThread "G1 Refine#0" [stack: 0x0000008ecc400000,0x0000008ecc500000] [id=6668]
  0x00000242ec002470 ConcurrentGCThread "G1 Service" [stack: 0x0000008ecc500000,0x0000008ecc600000] [id=25440]

Threads with active compile tasks:
C2 CompilerThread0   151169 13431       4       java.util.ComparableTimSort::binarySort (223 bytes)

VM state: not at safepoint (normal execution)

VM Mutex/Monitor currently owned by a thread: None

Heap address: 0x0000000080000000, size: 2048 MB, Compressed Oops mode: 32-bit

CDS archive(s) mapped at: [0x0000000800000000-0x0000000800ba0000-0x0000000800ba0000), size 12189696, SharedBaseAddress: 0x0000000800000000, ArchiveRelocationMode: 0.
Compressed class space mapped at: 0x0000000800c00000-0x000000081a800000, reserved size: 432013312
Narrow klass base: 0x0000000800000000, Narrow klass shift: 0, Narrow klass range: 0x100000000

GC Precious Log:
 CardTable entry size: 512
 Card Set container configuration: InlinePtr #cards 5 size 8 Array Of Cards #cards 12 size 40 Howl #buckets 4 coarsen threshold 1843 Howl Bitmap #cards 512 size 80 coarsen threshold 460 Card regions per heap region 1 cards per card region 2048
 CPUs: 12 total, 12 available
 Memory: 15771M
 Large Page Support: Disabled
 NUMA Support: Disabled
 Compressed Oops: Enabled (32-bit)
 Heap Region Size: 1M
 Heap Min Capacity: 8M
 Heap Initial Capacity: 248M
 Heap Max Capacity: 2G
 Pre-touch: Disabled
 Parallel Workers: 10
 Concurrent Workers: 3
 Concurrent Refinement Workers: 10
 Periodic GC: Disabled

Heap:
 garbage-first heap   total 202752K, used 150257K [0x0000000080000000, 0x0000000100000000)
  region size 1024K, 32 young (32768K), 3 survivors (3072K)
 Metaspace       used 98011K, committed 100352K, reserved 552960K
  class space    used 13486K, committed 14656K, reserved 421888K

Heap Regions: E=young(eden), S=young(survivor), O=old, HS=humongous(starts), HC=humongous(continues), CS=collection set, F=free, OA=open archive, CA=closed archive, TAMS=top-at-mark-start (previous, next)
|   0|0x0000000080000000, 0x0000000080100000, 0x0000000080100000|100%|HS|  |TAMS 0x0000000080100000, 0x0000000080000000| Complete 
|   1|0x0000000080100000, 0x0000000080200000, 0x0000000080200000|100%|HC|  |TAMS 0x0000000080200000, 0x0000000080100000| Complete 
|   2|0x0000000080200000, 0x0000000080300000, 0x0000000080300000|100%|HC|  |TAMS 0x0000000080300000, 0x0000000080200000| Complete 
|   3|0x0000000080300000, 0x0000000080400000, 0x0000000080400000|100%|HC|  |TAMS 0x0000000080400000, 0x0000000080300000| Complete 
|   4|0x0000000080400000, 0x0000000080500000, 0x0000000080500000|100%| O|  |TAMS 0x0000000080500000, 0x0000000080400000| Untracked 
|   5|0x0000000080500000, 0x0000000080600000, 0x0000000080600000|100%| O|  |TAMS 0x0000000080600000, 0x0000000080500000| Untracked 
|   6|0x0000000080600000, 0x0000000080700000, 0x0000000080700000|100%| O|  |TAMS 0x0000000080700000, 0x0000000080600000| Untracked 
|   7|0x0000000080700000, 0x0000000080800000, 0x0000000080800000|100%| O|  |TAMS 0x0000000080800000, 0x0000000080700000| Untracked 
|   8|0x0000000080800000, 0x0000000080900000, 0x0000000080900000|100%| O|  |TAMS 0x0000000080900000, 0x0000000080800000| Untracked 
|   9|0x0000000080900000, 0x0000000080a00000, 0x0000000080a00000|100%| O|  |TAMS 0x0000000080a00000, 0x0000000080900000| Untracked 
|  10|0x0000000080a00000, 0x0000000080b00000, 0x0000000080b00000|100%| O|  |TAMS 0x0000000080b00000, 0x0000000080a00000| Untracked 
|  11|0x0000000080b00000, 0x0000000080c00000, 0x0000000080c00000|100%| O|  |TAMS 0x0000000080c00000, 0x0000000080b00000| Untracked 
|  12|0x0000000080c00000, 0x0000000080d00000, 0x0000000080d00000|100%| O|  |TAMS 0x0000000080d00000, 0x0000000080c00000| Untracked 
|  13|0x0000000080d00000, 0x0000000080e00000, 0x0000000080e00000|100%| O|  |TAMS 0x0000000080e00000, 0x0000000080d00000| Untracked 
|  14|0x0000000080e00000, 0x0000000080f00000, 0x0000000080f00000|100%| O|  |TAMS 0x0000000080f00000, 0x0000000080e00000| Untracked 
|  15|0x0000000080f00000, 0x0000000081000000, 0x0000000081000000|100%| O|  |TAMS 0x0000000081000000, 0x0000000080f00000| Untracked 
|  16|0x0000000081000000, 0x0000000081100000, 0x0000000081100000|100%| O|  |TAMS 0x0000000081100000, 0x0000000081000000| Untracked 
|  17|0x0000000081100000, 0x0000000081200000, 0x0000000081200000|100%| O|  |TAMS 0x0000000081200000, 0x0000000081100000| Untracked 
|  18|0x0000000081200000, 0x0000000081300000, 0x0000000081300000|100%| O|  |TAMS 0x0000000081300000, 0x0000000081200000| Untracked 
|  19|0x0000000081300000, 0x0000000081400000, 0x0000000081400000|100%| O|  |TAMS 0x0000000081400000, 0x0000000081300000| Untracked 
|  20|0x0000000081400000, 0x0000000081500000, 0x0000000081500000|100%| O|  |TAMS 0x0000000081500000, 0x0000000081400000| Untracked 
|  21|0x0000000081500000, 0x0000000081600000, 0x0000000081600000|100%| O|  |TAMS 0x0000000081600000, 0x0000000081500000| Untracked 
|  22|0x0000000081600000, 0x0000000081700000, 0x0000000081700000|100%| O|  |TAMS 0x0000000081700000, 0x0000000081600000| Untracked 
|  23|0x0000000081700000, 0x0000000081800000, 0x0000000081800000|100%| O|  |TAMS 0x0000000081800000, 0x0000000081700000| Untracked 
|  24|0x0000000081800000, 0x0000000081900000, 0x0000000081900000|100%| O|  |TAMS 0x0000000081900000, 0x0000000081800000| Untracked 
|  25|0x0000000081900000, 0x0000000081a00000, 0x0000000081a00000|100%| O|  |TAMS 0x0000000081a00000, 0x0000000081900000| Untracked 
|  26|0x0000000081a00000, 0x0000000081b00000, 0x0000000081b00000|100%| O|  |TAMS 0x0000000081b00000, 0x0000000081a00000| Untracked 
|  27|0x0000000081b00000, 0x0000000081c00000, 0x0000000081c00000|100%| O|  |TAMS 0x0000000081c00000, 0x0000000081b00000| Untracked 
|  28|0x0000000081c00000, 0x0000000081d00000, 0x0000000081d00000|100%| O|  |TAMS 0x0000000081d00000, 0x0000000081c00000| Untracked 
|  29|0x0000000081d00000, 0x0000000081e00000, 0x0000000081e00000|100%| O|  |TAMS 0x0000000081e00000, 0x0000000081d00000| Untracked 
|  30|0x0000000081e00000, 0x0000000081f00000, 0x0000000081f00000|100%| O|  |TAMS 0x0000000081f00000, 0x0000000081e00000| Untracked 
|  31|0x0000000081f00000, 0x0000000082000000, 0x0000000082000000|100%| O|  |TAMS 0x0000000082000000, 0x0000000081f00000| Untracked 
|  32|0x0000000082000000, 0x0000000082100000, 0x0000000082100000|100%| O|  |TAMS 0x0000000082100000, 0x0000000082000000| Untracked 
|  33|0x0000000082100000, 0x0000000082200000, 0x0000000082200000|100%|HS|  |TAMS 0x0000000082100000, 0x0000000082100000| Complete 
|  34|0x0000000082200000, 0x0000000082300000, 0x0000000082300000|100%| O|  |TAMS 0x0000000082300000, 0x0000000082200000| Untracked 
|  35|0x0000000082300000, 0x0000000082400000, 0x0000000082400000|100%| O|  |TAMS 0x0000000082400000, 0x0000000082300000| Untracked 
|  36|0x0000000082400000, 0x0000000082500000, 0x0000000082500000|100%| O|  |TAMS 0x0000000082500000, 0x0000000082400000| Untracked 
|  37|0x0000000082500000, 0x0000000082600000, 0x0000000082600000|100%|HS|  |TAMS 0x0000000082600000, 0x0000000082500000| Complete 
|  38|0x0000000082600000, 0x0000000082700000, 0x0000000082700000|100%|HC|  |TAMS 0x0000000082700000, 0x0000000082600000| Complete 
|  39|0x0000000082700000, 0x0000000082800000, 0x0000000082800000|100%|HS|  |TAMS 0x0000000082800000, 0x0000000082700000| Complete 
|  40|0x0000000082800000, 0x0000000082900000, 0x0000000082900000|100%|HC|  |TAMS 0x0000000082900000, 0x0000000082800000| Complete 
|  41|0x0000000082900000, 0x0000000082a00000, 0x0000000082a00000|100%|HC|  |TAMS 0x0000000082a00000, 0x0000000082900000| Complete 
|  42|0x0000000082a00000, 0x0000000082b00000, 0x0000000082b00000|100%|HC|  |TAMS 0x0000000082b00000, 0x0000000082a00000| Complete 
|  43|0x0000000082b00000, 0x0000000082c00000, 0x0000000082c00000|100%| O|  |TAMS 0x0000000082c00000, 0x0000000082b00000| Untracked 
|  44|0x0000000082c00000, 0x0000000082d00000, 0x0000000082d00000|100%| O|  |TAMS 0x0000000082d00000, 0x0000000082c00000| Untracked 
|  45|0x0000000082d00000, 0x0000000082e00000, 0x0000000082e00000|100%| O|  |TAMS 0x0000000082e00000, 0x0000000082d00000| Untracked 
|  46|0x0000000082e00000, 0x0000000082f00000, 0x0000000082f00000|100%| O|  |TAMS 0x0000000082f00000, 0x0000000082e00000| Untracked 
|  47|0x0000000082f00000, 0x0000000083000000, 0x0000000083000000|100%| O|  |TAMS 0x0000000083000000, 0x0000000082f00000| Untracked 
|  48|0x0000000083000000, 0x0000000083100000, 0x0000000083100000|100%| O|  |TAMS 0x0000000083100000, 0x0000000083000000| Untracked 
|  49|0x0000000083100000, 0x0000000083200000, 0x0000000083200000|100%| O|  |TAMS 0x0000000083100000, 0x0000000083100000| Untracked 
|  50|0x0000000083200000, 0x0000000083300000, 0x0000000083300000|100%| O|  |TAMS 0x0000000083300000, 0x0000000083200000| Untracked 
|  51|0x0000000083300000, 0x0000000083400000, 0x0000000083400000|100%| O|  |TAMS 0x0000000083400000, 0x0000000083300000| Untracked 
|  52|0x0000000083400000, 0x0000000083500000, 0x0000000083500000|100%| O|  |TAMS 0x0000000083500000, 0x0000000083400000| Untracked 
|  53|0x0000000083500000, 0x0000000083600000, 0x0000000083600000|100%| O|  |TAMS 0x0000000083600000, 0x0000000083500000| Untracked 
|  54|0x0000000083600000, 0x0000000083700000, 0x0000000083700000|100%| O|  |TAMS 0x0000000083700000, 0x0000000083600000| Untracked 
|  55|0x0000000083700000, 0x0000000083800000, 0x0000000083800000|100%| O|  |TAMS 0x0000000083800000, 0x0000000083700000| Untracked 
|  56|0x0000000083800000, 0x0000000083900000, 0x0000000083900000|100%| O|  |TAMS 0x0000000083900000, 0x0000000083800000| Untracked 
|  57|0x0000000083900000, 0x0000000083a00000, 0x0000000083a00000|100%| O|  |TAMS 0x0000000083a00000, 0x0000000083900000| Untracked 
|  58|0x0000000083a00000, 0x0000000083b00000, 0x0000000083b00000|100%| O|  |TAMS 0x0000000083b00000, 0x0000000083a00000| Untracked 
|  59|0x0000000083b00000, 0x0000000083c00000, 0x0000000083c00000|100%| O|  |TAMS 0x0000000083c00000, 0x0000000083b00000| Untracked 
|  60|0x0000000083c00000, 0x0000000083d00000, 0x0000000083d00000|100%| O|  |TAMS 0x0000000083c88c00, 0x0000000083c00000| Untracked 
|  61|0x0000000083d00000, 0x0000000083e00000, 0x0000000083e00000|100%|HS|  |TAMS 0x0000000083d00000, 0x0000000083d00000| Complete 
|  62|0x0000000083e00000, 0x0000000083f00000, 0x0000000083f00000|100%| O|  |TAMS 0x0000000083e00000, 0x0000000083e00000| Untracked 
|  63|0x0000000083f00000, 0x0000000084000000, 0x0000000084000000|100%| O|  |TAMS 0x0000000083f00000, 0x0000000083f00000| Untracked 
|  64|0x0000000084000000, 0x0000000084100000, 0x0000000084100000|100%| O|  |TAMS 0x0000000084000000, 0x0000000084000000| Untracked 
|  65|0x0000000084100000, 0x0000000084200000, 0x0000000084200000|100%| O|  |TAMS 0x0000000084100000, 0x0000000084100000| Untracked 
|  66|0x0000000084200000, 0x0000000084300000, 0x0000000084300000|100%| O|  |TAMS 0x0000000084200000, 0x0000000084200000| Untracked 
|  67|0x0000000084300000, 0x0000000084400000, 0x0000000084400000|100%| O|  |TAMS 0x0000000084300000, 0x0000000084300000| Untracked 
|  68|0x0000000084400000, 0x0000000084500000, 0x0000000084500000|100%| O|  |TAMS 0x0000000084400000, 0x0000000084400000| Untracked 
|  69|0x0000000084500000, 0x0000000084600000, 0x0000000084600000|100%| O|  |TAMS 0x0000000084500000, 0x0000000084500000| Untracked 
|  70|0x0000000084600000, 0x0000000084700000, 0x0000000084700000|100%| O|  |TAMS 0x0000000084600000, 0x0000000084600000| Untracked 
|  71|0x0000000084700000, 0x0000000084800000, 0x0000000084800000|100%| O|  |TAMS 0x0000000084700000, 0x0000000084700000| Untracked 
|  72|0x0000000084800000, 0x0000000084900000, 0x0000000084900000|100%| O|  |TAMS 0x0000000084800000, 0x0000000084800000| Untracked 
|  73|0x0000000084900000, 0x0000000084a00000, 0x0000000084a00000|100%| O|  |TAMS 0x0000000084900000, 0x0000000084900000| Untracked 
|  74|0x0000000084a00000, 0x0000000084b00000, 0x0000000084b00000|100%| O|  |TAMS 0x0000000084a00000, 0x0000000084a00000| Untracked 
|  75|0x0000000084b00000, 0x0000000084c00000, 0x0000000084c00000|100%| O|  |TAMS 0x0000000084b00000, 0x0000000084b00000| Untracked 
|  76|0x0000000084c00000, 0x0000000084d00000, 0x0000000084d00000|100%| O|  |TAMS 0x0000000084c00000, 0x0000000084c00000| Untracked 
|  77|0x0000000084d00000, 0x0000000084e00000, 0x0000000084e00000|100%| O|  |TAMS 0x0000000084d00000, 0x0000000084d00000| Untracked 
|  78|0x0000000084e00000, 0x0000000084f00000, 0x0000000084f00000|100%| O|  |TAMS 0x0000000084e00000, 0x0000000084e00000| Untracked 
|  79|0x0000000084f00000, 0x0000000085000000, 0x0000000085000000|100%| O|  |TAMS 0x0000000084f00000, 0x0000000084f00000| Untracked 
|  80|0x0000000085000000, 0x0000000085100000, 0x0000000085100000|100%| O|  |TAMS 0x0000000085000000, 0x0000000085000000| Untracked 
|  81|0x0000000085100000, 0x0000000085200000, 0x0000000085200000|100%| O|  |TAMS 0x0000000085100000, 0x0000000085100000| Untracked 
|  82|0x0000000085200000, 0x0000000085300000, 0x0000000085300000|100%| O|  |TAMS 0x0000000085200000, 0x0000000085200000| Untracked 
|  83|0x0000000085300000, 0x0000000085400000, 0x0000000085400000|100%| O|  |TAMS 0x0000000085300000, 0x0000000085300000| Untracked 
|  84|0x0000000085400000, 0x0000000085500000, 0x0000000085500000|100%| O|  |TAMS 0x0000000085400000, 0x0000000085400000| Untracked 
|  85|0x0000000085500000, 0x0000000085600000, 0x0000000085600000|100%| O|  |TAMS 0x0000000085500000, 0x0000000085500000| Untracked 
|  86|0x0000000085600000, 0x0000000085700000, 0x0000000085700000|100%| O|  |TAMS 0x0000000085600000, 0x0000000085600000| Untracked 
|  87|0x0000000085700000, 0x0000000085800000, 0x0000000085800000|100%| O|  |TAMS 0x0000000085700000, 0x0000000085700000| Untracked 
|  88|0x0000000085800000, 0x0000000085900000, 0x0000000085900000|100%| O|  |TAMS 0x0000000085800000, 0x0000000085800000| Untracked 
|  89|0x0000000085900000, 0x0000000085a00000, 0x0000000085a00000|100%| O|  |TAMS 0x0000000085900000, 0x0000000085900000| Untracked 
|  90|0x0000000085a00000, 0x0000000085b00000, 0x0000000085b00000|100%|HS|  |TAMS 0x0000000085a00000, 0x0000000085a00000| Complete 
|  91|0x0000000085b00000, 0x0000000085c00000, 0x0000000085c00000|100%|HS|  |TAMS 0x0000000085b00000, 0x0000000085b00000| Complete 
|  92|0x0000000085c00000, 0x0000000085d00000, 0x0000000085d00000|100%| O|  |TAMS 0x0000000085c00000, 0x0000000085c00000| Untracked 
|  93|0x0000000085d00000, 0x0000000085e00000, 0x0000000085e00000|100%|HS|  |TAMS 0x0000000085d00000, 0x0000000085d00000| Complete 
|  94|0x0000000085e00000, 0x0000000085f00000, 0x0000000085f00000|100%|HC|  |TAMS 0x0000000085e00000, 0x0000000085e00000| Complete 
|  95|0x0000000085f00000, 0x0000000086000000, 0x0000000086000000|100%| O|  |TAMS 0x0000000085f00000, 0x0000000085f00000| Untracked 
|  96|0x0000000086000000, 0x0000000086100000, 0x0000000086100000|100%| O|  |TAMS 0x0000000086000000, 0x0000000086000000| Untracked 
|  97|0x0000000086100000, 0x0000000086200000, 0x0000000086200000|100%| O|  |TAMS 0x0000000086100000, 0x0000000086100000| Untracked 
|  98|0x0000000086200000, 0x0000000086300000, 0x0000000086300000|100%| O|  |TAMS 0x0000000086200000, 0x0000000086200000| Untracked 
|  99|0x0000000086300000, 0x0000000086400000, 0x0000000086400000|100%| O|  |TAMS 0x0000000086300000, 0x0000000086300000| Untracked 
| 100|0x0000000086400000, 0x0000000086500000, 0x0000000086500000|100%| O|  |TAMS 0x0000000086400000, 0x0000000086400000| Untracked 
| 101|0x0000000086500000, 0x0000000086600000, 0x0000000086600000|100%| O|  |TAMS 0x0000000086500000, 0x0000000086500000| Untracked 
| 102|0x0000000086600000, 0x0000000086700000, 0x0000000086700000|100%| O|  |TAMS 0x0000000086600000, 0x0000000086600000| Untracked 
| 103|0x0000000086700000, 0x0000000086800000, 0x0000000086800000|100%| O|  |TAMS 0x0000000086700000, 0x0000000086700000| Untracked 
| 104|0x0000000086800000, 0x0000000086900000, 0x0000000086900000|100%| O|  |TAMS 0x0000000086800000, 0x0000000086800000| Untracked 
| 105|0x0000000086900000, 0x0000000086a00000, 0x0000000086a00000|100%| O|  |TAMS 0x0000000086900000, 0x0000000086900000| Untracked 
| 106|0x0000000086a00000, 0x0000000086b00000, 0x0000000086b00000|100%| O|  |TAMS 0x0000000086a00000, 0x0000000086a00000| Untracked 
| 107|0x0000000086b00000, 0x0000000086c00000, 0x0000000086c00000|100%| O|  |TAMS 0x0000000086b00000, 0x0000000086b00000| Untracked 
| 108|0x0000000086c00000, 0x0000000086d00000, 0x0000000086d00000|100%| O|  |TAMS 0x0000000086c00000, 0x0000000086c00000| Untracked 
| 109|0x0000000086d00000, 0x0000000086e00000, 0x0000000086e00000|100%| O|  |TAMS 0x0000000086d00000, 0x0000000086d00000| Untracked 
| 110|0x0000000086e00000, 0x0000000086f00000, 0x0000000086f00000|100%| O|  |TAMS 0x0000000086e00000, 0x0000000086e00000| Untracked 
| 111|0x0000000086f00000, 0x0000000087000000, 0x0000000087000000|100%| O|  |TAMS 0x0000000086f00000, 0x0000000086f00000| Untracked 
| 112|0x0000000087000000, 0x0000000087100000, 0x0000000087100000|100%| O|  |TAMS 0x0000000087000000, 0x0000000087000000| Untracked 
| 113|0x0000000087100000, 0x0000000087200000, 0x0000000087200000|100%| O|  |TAMS 0x0000000087100000, 0x0000000087100000| Untracked 
| 114|0x0000000087200000, 0x0000000087300000, 0x0000000087300000|100%| O|  |TAMS 0x0000000087200000, 0x0000000087200000| Untracked 
| 115|0x0000000087300000, 0x0000000087400000, 0x0000000087400000|100%| O|  |TAMS 0x0000000087300000, 0x0000000087300000| Untracked 
| 116|0x0000000087400000, 0x0000000087480200, 0x0000000087500000| 50%| O|  |TAMS 0x0000000087400000, 0x0000000087400000| Untracked 
| 117|0x0000000087500000, 0x0000000087500000, 0x0000000087600000|  0%| F|  |TAMS 0x0000000087500000, 0x0000000087500000| Untracked 
| 118|0x0000000087600000, 0x0000000087600000, 0x0000000087700000|  0%| F|  |TAMS 0x0000000087600000, 0x0000000087600000| Untracked 
| 119|0x0000000087700000, 0x0000000087700000, 0x0000000087800000|  0%| F|  |TAMS 0x0000000087700000, 0x0000000087700000| Untracked 
| 120|0x0000000087800000, 0x0000000087800000, 0x0000000087900000|  0%| F|  |TAMS 0x0000000087800000, 0x0000000087800000| Untracked 
| 121|0x0000000087900000, 0x0000000087900000, 0x0000000087a00000|  0%| F|  |TAMS 0x0000000087900000, 0x0000000087900000| Untracked 
| 122|0x0000000087a00000, 0x0000000087a00000, 0x0000000087b00000|  0%| F|  |TAMS 0x0000000087a00000, 0x0000000087a00000| Untracked 
| 123|0x0000000087b00000, 0x0000000087b00000, 0x0000000087c00000|  0%| F|  |TAMS 0x0000000087b00000, 0x0000000087b00000| Untracked 
| 124|0x0000000087c00000, 0x0000000087c00000, 0x0000000087d00000|  0%| F|  |TAMS 0x0000000087c00000, 0x0000000087c00000| Untracked 
| 125|0x0000000087d00000, 0x0000000087d00000, 0x0000000087e00000|  0%| F|  |TAMS 0x0000000087d00000, 0x0000000087d00000| Untracked 
| 126|0x0000000087e00000, 0x0000000087e00000, 0x0000000087f00000|  0%| F|  |TAMS 0x0000000087e00000, 0x0000000087e00000| Untracked 
| 127|0x0000000087f00000, 0x0000000087f00000, 0x0000000088000000|  0%| F|  |TAMS 0x0000000087f00000, 0x0000000087f00000| Untracked 
| 128|0x0000000088000000, 0x0000000088000000, 0x0000000088100000|  0%| F|  |TAMS 0x0000000088000000, 0x0000000088000000| Untracked 
| 129|0x0000000088100000, 0x0000000088100000, 0x0000000088200000|  0%| F|  |TAMS 0x0000000088100000, 0x0000000088100000| Untracked 
| 130|0x0000000088200000, 0x0000000088200000, 0x0000000088300000|  0%| F|  |TAMS 0x0000000088200000, 0x0000000088200000| Untracked 
| 131|0x0000000088300000, 0x0000000088300000, 0x0000000088400000|  0%| F|  |TAMS 0x0000000088300000, 0x0000000088300000| Untracked 
| 132|0x0000000088400000, 0x0000000088400000, 0x0000000088500000|  0%| F|  |TAMS 0x0000000088400000, 0x0000000088400000| Untracked 
| 133|0x0000000088500000, 0x0000000088500000, 0x0000000088600000|  0%| F|  |TAMS 0x0000000088500000, 0x0000000088500000| Untracked 
| 134|0x0000000088600000, 0x0000000088600000, 0x0000000088700000|  0%| F|  |TAMS 0x0000000088600000, 0x0000000088600000| Untracked 
| 135|0x0000000088700000, 0x0000000088700000, 0x0000000088800000|  0%| F|  |TAMS 0x0000000088700000, 0x0000000088700000| Untracked 
| 136|0x0000000088800000, 0x0000000088800000, 0x0000000088900000|  0%| F|  |TAMS 0x0000000088800000, 0x0000000088800000| Untracked 
| 137|0x0000000088900000, 0x0000000088900000, 0x0000000088a00000|  0%| F|  |TAMS 0x0000000088900000, 0x0000000088900000| Untracked 
| 138|0x0000000088a00000, 0x0000000088a00000, 0x0000000088b00000|  0%| F|  |TAMS 0x0000000088a00000, 0x0000000088a00000| Untracked 
| 139|0x0000000088b00000, 0x0000000088b00000, 0x0000000088c00000|  0%| F|  |TAMS 0x0000000088b00000, 0x0000000088b00000| Untracked 
| 140|0x0000000088c00000, 0x0000000088c00000, 0x0000000088d00000|  0%| F|  |TAMS 0x0000000088c00000, 0x0000000088c00000| Untracked 
| 141|0x0000000088d00000, 0x0000000088d00000, 0x0000000088e00000|  0%| F|  |TAMS 0x0000000088d00000, 0x0000000088d00000| Untracked 
| 142|0x0000000088e00000, 0x0000000088e00000, 0x0000000088f00000|  0%| F|  |TAMS 0x0000000088e00000, 0x0000000088e00000| Untracked 
| 143|0x0000000088f00000, 0x0000000088f00000, 0x0000000089000000|  0%| F|  |TAMS 0x0000000088f00000, 0x0000000088f00000| Untracked 
| 144|0x0000000089000000, 0x0000000089000000, 0x0000000089100000|  0%| F|  |TAMS 0x0000000089000000, 0x0000000089000000| Untracked 
| 145|0x0000000089100000, 0x0000000089100000, 0x0000000089200000|  0%| F|  |TAMS 0x0000000089100000, 0x0000000089100000| Untracked 
| 146|0x0000000089200000, 0x0000000089200000, 0x0000000089300000|  0%| F|  |TAMS 0x0000000089200000, 0x0000000089200000| Untracked 
| 147|0x0000000089300000, 0x0000000089300000, 0x0000000089400000|  0%| F|  |TAMS 0x0000000089300000, 0x0000000089300000| Untracked 
| 148|0x0000000089400000, 0x0000000089400000, 0x0000000089500000|  0%| F|  |TAMS 0x0000000089400000, 0x0000000089400000| Untracked 
| 149|0x0000000089500000, 0x0000000089500000, 0x0000000089600000|  0%| F|  |TAMS 0x0000000089500000, 0x0000000089500000| Untracked 
| 150|0x0000000089600000, 0x0000000089600000, 0x0000000089700000|  0%| F|  |TAMS 0x0000000089600000, 0x0000000089600000| Untracked 
| 151|0x0000000089700000, 0x0000000089700000, 0x0000000089800000|  0%| F|  |TAMS 0x0000000089700000, 0x0000000089700000| Untracked 
| 152|0x0000000089800000, 0x000000008983c4b0, 0x0000000089900000| 23%| S|CS|TAMS 0x0000000089800000, 0x0000000089800000| Complete 
| 153|0x0000000089900000, 0x0000000089a00000, 0x0000000089a00000|100%| S|CS|TAMS 0x0000000089900000, 0x0000000089900000| Complete 
| 154|0x0000000089a00000, 0x0000000089b00000, 0x0000000089b00000|100%| S|CS|TAMS 0x0000000089a00000, 0x0000000089a00000| Complete 
| 155|0x0000000089b00000, 0x0000000089b00000, 0x0000000089c00000|  0%| F|  |TAMS 0x0000000089b00000, 0x0000000089b00000| Untracked 
| 156|0x0000000089c00000, 0x0000000089c00000, 0x0000000089d00000|  0%| F|  |TAMS 0x0000000089c00000, 0x0000000089c00000| Untracked 
| 157|0x0000000089d00000, 0x0000000089d00000, 0x0000000089e00000|  0%| F|  |TAMS 0x0000000089d00000, 0x0000000089d00000| Untracked 
| 158|0x0000000089e00000, 0x0000000089e00000, 0x0000000089f00000|  0%| F|  |TAMS 0x0000000089e00000, 0x0000000089e00000| Untracked 
| 159|0x0000000089f00000, 0x0000000089f00000, 0x000000008a000000|  0%| F|  |TAMS 0x0000000089f00000, 0x0000000089f00000| Untracked 
| 160|0x000000008a000000, 0x000000008a000000, 0x000000008a100000|  0%| F|  |TAMS 0x000000008a000000, 0x000000008a000000| Untracked 
| 161|0x000000008a100000, 0x000000008a100000, 0x000000008a200000|  0%| F|  |TAMS 0x000000008a100000, 0x000000008a100000| Untracked 
| 162|0x000000008a200000, 0x000000008a200000, 0x000000008a300000|  0%| F|  |TAMS 0x000000008a200000, 0x000000008a200000| Untracked 
| 163|0x000000008a300000, 0x000000008a300000, 0x000000008a400000|  0%| F|  |TAMS 0x000000008a300000, 0x000000008a300000| Untracked 
| 164|0x000000008a400000, 0x000000008a400000, 0x000000008a500000|  0%| F|  |TAMS 0x000000008a400000, 0x000000008a400000| Untracked 
| 165|0x000000008a500000, 0x000000008a500000, 0x000000008a600000|  0%| F|  |TAMS 0x000000008a500000, 0x000000008a500000| Untracked 
| 166|0x000000008a600000, 0x000000008a600000, 0x000000008a700000|  0%| F|  |TAMS 0x000000008a600000, 0x000000008a600000| Untracked 
| 167|0x000000008a700000, 0x000000008a700000, 0x000000008a800000|  0%| F|  |TAMS 0x000000008a700000, 0x000000008a700000| Untracked 
| 168|0x000000008a800000, 0x000000008a800000, 0x000000008a900000|  0%| F|  |TAMS 0x000000008a800000, 0x000000008a800000| Untracked 
| 169|0x000000008a900000, 0x000000008a9153b0, 0x000000008aa00000|  8%| E|  |TAMS 0x000000008a900000, 0x000000008a900000| Complete 
| 170|0x000000008aa00000, 0x000000008ab00000, 0x000000008ab00000|100%| E|CS|TAMS 0x000000008aa00000, 0x000000008aa00000| Complete 
| 171|0x000000008ab00000, 0x000000008ac00000, 0x000000008ac00000|100%| E|CS|TAMS 0x000000008ab00000, 0x000000008ab00000| Complete 
| 172|0x000000008ac00000, 0x000000008ad00000, 0x000000008ad00000|100%| E|CS|TAMS 0x000000008ac00000, 0x000000008ac00000| Complete 
| 173|0x000000008ad00000, 0x000000008ae00000, 0x000000008ae00000|100%| E|CS|TAMS 0x000000008ad00000, 0x000000008ad00000| Complete 
| 174|0x000000008ae00000, 0x000000008af00000, 0x000000008af00000|100%| E|CS|TAMS 0x000000008ae00000, 0x000000008ae00000| Complete 
| 175|0x000000008af00000, 0x000000008b000000, 0x000000008b000000|100%| E|CS|TAMS 0x000000008af00000, 0x000000008af00000| Complete 
| 176|0x000000008b000000, 0x000000008b100000, 0x000000008b100000|100%| E|CS|TAMS 0x000000008b000000, 0x000000008b000000| Complete 
| 177|0x000000008b100000, 0x000000008b200000, 0x000000008b200000|100%| E|CS|TAMS 0x000000008b100000, 0x000000008b100000| Complete 
| 178|0x000000008b200000, 0x000000008b300000, 0x000000008b300000|100%| E|CS|TAMS 0x000000008b200000, 0x000000008b200000| Complete 
| 179|0x000000008b300000, 0x000000008b400000, 0x000000008b400000|100%| E|CS|TAMS 0x000000008b300000, 0x000000008b300000| Complete 
| 180|0x000000008b400000, 0x000000008b500000, 0x000000008b500000|100%| E|CS|TAMS 0x000000008b400000, 0x000000008b400000| Complete 
| 181|0x000000008b500000, 0x000000008b600000, 0x000000008b600000|100%| E|CS|TAMS 0x000000008b500000, 0x000000008b500000| Complete 
| 182|0x000000008b600000, 0x000000008b700000, 0x000000008b700000|100%| E|CS|TAMS 0x000000008b600000, 0x000000008b600000| Complete 
| 183|0x000000008b700000, 0x000000008b800000, 0x000000008b800000|100%| E|CS|TAMS 0x000000008b700000, 0x000000008b700000| Complete 
| 184|0x000000008b800000, 0x000000008b900000, 0x000000008b900000|100%| E|CS|TAMS 0x000000008b800000, 0x000000008b800000| Complete 
| 185|0x000000008b900000, 0x000000008ba00000, 0x000000008ba00000|100%| E|CS|TAMS 0x000000008b900000, 0x000000008b900000| Complete 
| 186|0x000000008ba00000, 0x000000008bb00000, 0x000000008bb00000|100%| E|CS|TAMS 0x000000008ba00000, 0x000000008ba00000| Complete 
| 187|0x000000008bb00000, 0x000000008bc00000, 0x000000008bc00000|100%| E|CS|TAMS 0x000000008bb00000, 0x000000008bb00000| Complete 
| 188|0x000000008bc00000, 0x000000008bd00000, 0x000000008bd00000|100%| E|CS|TAMS 0x000000008bc00000, 0x000000008bc00000| Complete 
| 189|0x000000008bd00000, 0x000000008be00000, 0x000000008be00000|100%| E|CS|TAMS 0x000000008bd00000, 0x000000008bd00000| Complete 
| 190|0x000000008be00000, 0x000000008bf00000, 0x000000008bf00000|100%| E|CS|TAMS 0x000000008be00000, 0x000000008be00000| Complete 
| 191|0x000000008bf00000, 0x000000008c000000, 0x000000008c000000|100%| E|CS|TAMS 0x000000008bf00000, 0x000000008bf00000| Complete 
| 192|0x000000008c000000, 0x000000008c100000, 0x000000008c100000|100%| E|CS|TAMS 0x000000008c000000, 0x000000008c000000| Complete 
| 193|0x000000008c100000, 0x000000008c200000, 0x000000008c200000|100%| E|CS|TAMS 0x000000008c100000, 0x000000008c100000| Complete 
| 194|0x000000008c200000, 0x000000008c300000, 0x000000008c300000|100%| E|CS|TAMS 0x000000008c200000, 0x000000008c200000| Complete 
| 195|0x000000008c300000, 0x000000008c400000, 0x000000008c400000|100%| E|CS|TAMS 0x000000008c300000, 0x000000008c300000| Complete 
| 196|0x000000008c400000, 0x000000008c500000, 0x000000008c500000|100%| E|CS|TAMS 0x000000008c400000, 0x000000008c400000| Complete 
| 247|0x000000008f700000, 0x000000008f800000, 0x000000008f800000|100%| E|CS|TAMS 0x000000008f700000, 0x000000008f700000| Complete 

Card table byte_map: [0x00000242e4d20000,0x00000242e5120000] _byte_map_base: 0x00000242e4920000

Marking Bits (Prev, Next): (CMBitMap*) 0x00000242cdb12fd0, (CMBitMap*) 0x00000242cdb12f90
 Prev Bits: [0x00000242e7520000, 0x00000242e9520000)
 Next Bits: [0x00000242e5520000, 0x00000242e7520000)

Polling page: 0x00000242cba90000

Metaspace:

Usage:
  Non-class:     82.54 MB used.
      Class:     13.17 MB used.
       Both:     95.71 MB used.

Virtual space:
  Non-class space:      128.00 MB reserved,      83.69 MB ( 65%) committed,  2 nodes.
      Class space:      412.00 MB reserved,      14.31 MB (  3%) committed,  1 nodes.
             Both:      540.00 MB reserved,      98.00 MB ( 18%) committed. 

Chunk freelists:
   Non-Class:  142.00 KB
       Class:  1.70 MB
        Both:  1.84 MB

MaxMetaspaceSize: 512.00 MB
CompressedClassSpaceSize: 412.00 MB
Initial GC threshold: 21.00 MB
Current GC threshold: 108.38 MB
CDS: on
MetaspaceReclaimPolicy: balanced
 - commit_granule_bytes: 65536.
 - commit_granule_words: 8192.
 - virtual_space_node_default_size: 8388608.
 - enlarge_chunks_in_place: 1.
 - new_chunks_are_fully_committed: 0.
 - uncommit_free_chunks: 1.
 - use_allocation_guard: 0.


Internal statistics:

num_allocs_failed_limit: 6.
num_arena_births: 4084.
num_arena_deaths: 0.
num_vsnodes_births: 3.
num_vsnodes_deaths: 0.
num_space_committed: 1568.
num_space_uncommitted: 0.
num_chunks_returned_to_freelist: 6.
num_chunks_taken_from_freelist: 8603.
num_chunk_merges: 6.
num_chunk_splits: 5559.
num_chunks_enlarged: 3460.
num_inconsistent_stats: 0.

CodeHeap 'non-profiled nmethods': size=120000Kb used=6135Kb max_used=6135Kb free=113864Kb
 bounds [0x00000242dcea0000, 0x00000242dd4a0000, 0x00000242e43d0000]
CodeHeap 'profiled nmethods': size=120000Kb used=24079Kb max_used=24079Kb free=95920Kb
 bounds [0x00000242d5970000, 0x00000242d7100000, 0x00000242dcea0000]
CodeHeap 'non-nmethods': size=5760Kb used=2454Kb max_used=2484Kb free=3305Kb
 bounds [0x00000242d53d0000, 0x00000242d5650000, 0x00000242d5970000]
 total_blobs=12884 nmethods=11898 adapters=898
 compilation: enabled
              stopped_count=0, restarted_count=0
 full_count=0

Compilation events (20 events):
Event: 146.956 Thread 0x00000242ec163a10 nmethod 13420 0x00000242dd49d110 code [0x00000242dd49d280, 0x00000242dd49d318]
Event: 146.977 Thread 0x00000242ec16c400 13422       3       java.net.Socket$SocketInputStream::read (11 bytes)
Event: 146.977 Thread 0x00000242ec16c400 nmethod 13422 0x00000242d70eda90 code [0x00000242d70edc40, 0x00000242d70ede08]
Event: 146.977 Thread 0x00000242ec16c400 13423       3       sun.nio.ch.NioSocketImpl$1::read (11 bytes)
Event: 146.977 Thread 0x00000242ec16c400 nmethod 13423 0x00000242d70edf10 code [0x00000242d70ee0c0, 0x00000242d70ee208]
Event: 146.977 Thread 0x00000242ec16c400 13424   !   3       sun.nio.ch.NioSocketImpl::read (96 bytes)
Event: 146.978 Thread 0x00000242ec16c400 nmethod 13424 0x00000242d70ee310 code [0x00000242d70ee5c0, 0x00000242d70ef558]
Event: 146.978 Thread 0x00000242ec16c400 13429       3       com.sun.crypto.provider.GCTR::doFinal (106 bytes)
Event: 146.978 Thread 0x00000242ec16c400 nmethod 13429 0x00000242d70efb10 code [0x00000242d70efd00, 0x00000242d70f0388]
Event: 146.978 Thread 0x00000242ec16c400 13425   !   3       sun.nio.ch.NioSocketImpl::implRead (220 bytes)
Event: 146.979 Thread 0x00000242ec16c400 nmethod 13425 0x00000242d70f0690 code [0x00000242d70f0960, 0x00000242d70f1898]
Event: 146.979 Thread 0x00000242ec16c400 13426   !   3       sun.nio.ch.NioSocketImpl::beginRead (30 bytes)
Event: 146.979 Thread 0x00000242ec16c400 nmethod 13426 0x00000242d70f2110 code [0x00000242d70f22c0, 0x00000242d70f2548]
Event: 146.979 Thread 0x00000242ec16c400 13427       3       sun.security.ssl.Plaintext::<init> (43 bytes)
Event: 146.979 Thread 0x00000242ec16c400 nmethod 13427 0x00000242d70f2690 code [0x00000242d70f2820, 0x00000242d70f2a38]
Event: 146.979 Thread 0x00000242ec16c400 13428       3       com.sun.crypto.provider.GCTR::update (208 bytes)
Event: 146.979 Thread 0x00000242ec16c400 nmethod 13428 0x00000242d70f2b10 code [0x00000242d70f2d80, 0x00000242d70f3938]
Event: 148.911 Thread 0x00000242ec163a10 13430       4       sun.nio.ch.Util$BufferCache::offerFirst (73 bytes)
Event: 148.913 Thread 0x00000242ec163a10 nmethod 13430 0x00000242dd49d810 code [0x00000242dd49d9a0, 0x00000242dd49dbb8]
Event: 151.128 Thread 0x00000242ec163a10 13431       4       java.util.ComparableTimSort::binarySort (223 bytes)

GC Heap History (20 events):
Event: 16.381 GC heap before
{Heap before GC invocations=34 (full 0):
 garbage-first heap   total 202752K, used 161978K [0x0000000080000000, 0x0000000100000000)
  region size 1024K, 91 young (93184K), 3 survivors (3072K)
 Metaspace       used 72721K, committed 74624K, reserved 487424K
  class space    used 9988K, committed 10944K, reserved 421888K
}
Event: 16.389 GC heap after
{Heap after GC invocations=35 (full 0):
 garbage-first heap   total 202752K, used 76592K [0x0000000080000000, 0x0000000100000000)
  region size 1024K, 12 young (12288K), 12 survivors (12288K)
 Metaspace       used 72721K, committed 74624K, reserved 487424K
  class space    used 9988K, committed 10944K, reserved 421888K
}
Event: 16.411 GC heap before
{Heap before GC invocations=35 (full 0):
 garbage-first heap   total 202752K, used 77616K [0x0000000080000000, 0x0000000100000000)
  region size 1024K, 13 young (13312K), 12 survivors (12288K)
 Metaspace       used 72819K, committed 74688K, reserved 487424K
  class space    used 9998K, committed 10944K, reserved 421888K
}
Event: 16.416 GC heap after
{Heap after GC invocations=36 (full 0):
 garbage-first heap   total 202752K, used 76910K [0x0000000080000000, 0x0000000100000000)
  region size 1024K, 1 young (1024K), 1 survivors (1024K)
 Metaspace       used 72819K, committed 74688K, reserved 487424K
  class space    used 9998K, committed 10944K, reserved 421888K
}
Event: 22.132 GC heap before
{Heap before GC invocations=36 (full 0):
 garbage-first heap   total 202752K, used 154734K [0x0000000080000000, 0x0000000100000000)
  region size 1024K, 77 young (78848K), 1 survivors (1024K)
 Metaspace       used 76116K, committed 78144K, reserved 552960K
  class space    used 10450K, committed 11520K, reserved 421888K
}
Event: 22.136 GC heap after
{Heap after GC invocations=37 (full 0):
 garbage-first heap   total 202752K, used 82783K [0x0000000080000000, 0x0000000100000000)
  region size 1024K, 7 young (7168K), 7 survivors (7168K)
 Metaspace       used 76116K, committed 78144K, reserved 552960K
  class space    used 10450K, committed 11520K, reserved 421888K
}
Event: 23.316 GC heap before
{Heap before GC invocations=37 (full 0):
 garbage-first heap   total 202752K, used 157535K [0x0000000080000000, 0x0000000100000000)
  region size 1024K, 80 young (81920K), 7 survivors (7168K)
 Metaspace       used 82395K, committed 84544K, reserved 552960K
  class space    used 11516K, committed 12672K, reserved 421888K
}
Event: 23.323 GC heap after
{Heap after GC invocations=38 (full 0):
 garbage-first heap   total 202752K, used 89047K [0x0000000080000000, 0x0000000100000000)
  region size 1024K, 7 young (7168K), 7 survivors (7168K)
 Metaspace       used 82395K, committed 84544K, reserved 552960K
  class space    used 11516K, committed 12672K, reserved 421888K
}
Event: 24.537 GC heap before
{Heap before GC invocations=38 (full 0):
 garbage-first heap   total 202752K, used 159703K [0x0000000080000000, 0x0000000100000000)
  region size 1024K, 76 young (77824K), 7 survivors (7168K)
 Metaspace       used 85747K, committed 88064K, reserved 552960K
  class space    used 11999K, committed 13184K, reserved 421888K
}
Event: 24.548 GC heap after
{Heap after GC invocations=39 (full 0):
 garbage-first heap   total 202752K, used 101895K [0x0000000080000000, 0x0000000100000000)
  region size 1024K, 10 young (10240K), 10 survivors (10240K)
 Metaspace       used 85747K, committed 88064K, reserved 552960K
  class space    used 11999K, committed 13184K, reserved 421888K
}
Event: 25.515 GC heap before
{Heap before GC invocations=39 (full 0):
 garbage-first heap   total 202752K, used 162311K [0x0000000080000000, 0x0000000100000000)
  region size 1024K, 65 young (66560K), 10 survivors (10240K)
 Metaspace       used 87081K, committed 89408K, reserved 552960K
  class space    used 12191K, committed 13376K, reserved 421888K
}
Event: 25.525 GC heap after
{Heap after GC invocations=40 (full 0):
 garbage-first heap   total 202752K, used 116491K [0x0000000080000000, 0x0000000100000000)
  region size 1024K, 9 young (9216K), 9 survivors (9216K)
 Metaspace       used 87081K, committed 89408K, reserved 552960K
  class space    used 12191K, committed 13376K, reserved 421888K
}
Event: 26.445 GC heap before
{Heap before GC invocations=40 (full 0):
 garbage-first heap   total 202752K, used 160523K [0x0000000080000000, 0x0000000100000000)
  region size 1024K, 52 young (53248K), 9 survivors (9216K)
 Metaspace       used 92391K, committed 94784K, reserved 552960K
  class space    used 12871K, committed 14080K, reserved 421888K
}
Event: 26.450 GC heap after
{Heap after GC invocations=41 (full 0):
 garbage-first heap   total 202752K, used 120121K [0x0000000080000000, 0x0000000100000000)
  region size 1024K, 3 young (3072K), 3 survivors (3072K)
 Metaspace       used 92391K, committed 94784K, reserved 552960K
  class space    used 12871K, committed 14080K, reserved 421888K
}
Event: 26.979 GC heap before
{Heap before GC invocations=41 (full 0):
 garbage-first heap   total 202752K, used 163129K [0x0000000080000000, 0x0000000100000000)
  region size 1024K, 45 young (46080K), 3 survivors (3072K)
 Metaspace       used 92739K, committed 95104K, reserved 552960K
  class space    used 12897K, committed 14080K, reserved 421888K
}
Event: 26.981 GC heap after
{Heap after GC invocations=42 (full 0):
 garbage-first heap   total 202752K, used 119951K [0x0000000080000000, 0x0000000100000000)
  region size 1024K, 3 young (3072K), 3 survivors (3072K)
 Metaspace       used 92739K, committed 95104K, reserved 552960K
  class space    used 12897K, committed 14080K, reserved 421888K
}
Event: 27.278 GC heap before
{Heap before GC invocations=42 (full 0):
 garbage-first heap   total 202752K, used 165007K [0x0000000080000000, 0x0000000100000000)
  region size 1024K, 48 young (49152K), 3 survivors (3072K)
 Metaspace       used 93134K, committed 95616K, reserved 552960K
  class space    used 12946K, committed 14208K, reserved 421888K
}
Event: 27.281 GC heap after
{Heap after GC invocations=43 (full 0):
 garbage-first heap   total 202752K, used 122834K [0x0000000080000000, 0x0000000100000000)
  region size 1024K, 6 young (6144K), 6 survivors (6144K)
 Metaspace       used 93134K, committed 95616K, reserved 552960K
  class space    used 12946K, committed 14208K, reserved 421888K
}
Event: 27.534 GC heap before
{Heap before GC invocations=43 (full 0):
 garbage-first heap   total 202752K, used 166866K [0x0000000080000000, 0x0000000100000000)
  region size 1024K, 49 young (50176K), 6 survivors (6144K)
 Metaspace       used 93267K, committed 95744K, reserved 552960K
  class space    used 12954K, committed 14208K, reserved 421888K
}
Event: 27.537 GC heap after
{Heap after GC invocations=44 (full 0):
 garbage-first heap   total 202752K, used 121585K [0x0000000080000000, 0x0000000100000000)
  region size 1024K, 3 young (3072K), 3 survivors (3072K)
 Metaspace       used 93267K, committed 95744K, reserved 552960K
  class space    used 12954K, committed 14208K, reserved 421888K
}

Deoptimization events (20 events):
Event: 36.255 Thread 0x00000242f1c3d5e0 Uncommon trap: trap_request=0xffffff45 fr.pc=0x00000242dd467a94 relative=0x0000000000000194
Event: 36.255 Thread 0x00000242f1c3d5e0 Uncommon trap: reason=unstable_if action=reinterpret pc=0x00000242dd467a94 method=java.lang.StringLatin1.indexOf([B[B)I @ 2 c2
Event: 36.255 Thread 0x00000242f1c3d5e0 DEOPT PACKING pc=0x00000242dd467a94 sp=0x0000008ecddf7eb0
Event: 36.255 Thread 0x00000242f1c3d5e0 DEOPT UNPACKING pc=0x00000242d54223a3 sp=0x0000008ecddf7e40 mode 2
Event: 36.272 Thread 0x00000242f1c3d5e0 DEOPT PACKING pc=0x00000242d638676b sp=0x0000008ecddf7f60
Event: 36.272 Thread 0x00000242f1c3d5e0 DEOPT UNPACKING pc=0x00000242d5422b43 sp=0x0000008ecddf7408 mode 0
Event: 36.934 Thread 0x00000242f1c3d5e0 Uncommon trap: trap_request=0xffffff45 fr.pc=0x00000242dd3afe5c relative=0x000000000000047c
Event: 36.934 Thread 0x00000242f1c3d5e0 Uncommon trap: reason=unstable_if action=reinterpret pc=0x00000242dd3afe5c method=java.io.WinNTFileSystem.prefixLength(Ljava/lang/String;)I @ 42 c2
Event: 36.934 Thread 0x00000242f1c3d5e0 DEOPT PACKING pc=0x00000242dd3afe5c sp=0x0000008ecddf8c20
Event: 36.934 Thread 0x00000242f1c3d5e0 DEOPT UNPACKING pc=0x00000242d54223a3 sp=0x0000008ecddf8b58 mode 2
Event: 36.934 Thread 0x00000242f1c3d5e0 Uncommon trap: trap_request=0xffffff76 fr.pc=0x00000242dd451354 relative=0x0000000000000614
Event: 36.934 Thread 0x00000242f1c3d5e0 Uncommon trap: reason=predicate action=maybe_recompile pc=0x00000242dd451354 method=java.util.concurrent.ConcurrentHashMap$KeySetView.forEach(Ljava/util/function/Consumer;)V @ 45 c2
Event: 36.934 Thread 0x00000242f1c3d5e0 DEOPT PACKING pc=0x00000242dd451354 sp=0x0000008ecddf8bd0
Event: 36.934 Thread 0x00000242f1c3d5e0 DEOPT UNPACKING pc=0x00000242d54223a3 sp=0x0000008ecddf8b98 mode 2
Event: 36.934 Thread 0x00000242f1c3d5e0 DEOPT PACKING pc=0x00000242d70669f1 sp=0x0000008ecddf7da0
Event: 36.934 Thread 0x00000242f1c3d5e0 DEOPT UNPACKING pc=0x00000242d5422b43 sp=0x0000008ecddf71d0 mode 0
Event: 36.935 Thread 0x00000242f1c3d5e0 DEOPT PACKING pc=0x00000242d70669f1 sp=0x0000008ecddf7da0
Event: 36.935 Thread 0x00000242f1c3d5e0 DEOPT UNPACKING pc=0x00000242d5422b43 sp=0x0000008ecddf71d0 mode 0
Event: 120.884 Thread 0x00000242f1c3d5e0 DEOPT PACKING pc=0x00000242d70ca5c2 sp=0x0000008ecddf7ee0
Event: 120.884 Thread 0x00000242f1c3d5e0 DEOPT UNPACKING pc=0x00000242d5422b43 sp=0x0000008ecddf73d0 mode 0

Classes loaded (20 events):
Event: 36.925 Loading class sun/security/ssl/PostHandshakeContext
Event: 36.925 Loading class sun/security/ssl/PostHandshakeContext done
Event: 36.925 Loading class sun/security/ssl/NewSessionTicket$T13NewSessionTicketMessage
Event: 36.926 Loading class sun/security/ssl/NewSessionTicket$NewSessionTicketMessage
Event: 36.926 Loading class sun/security/ssl/NewSessionTicket$NewSessionTicketMessage done
Event: 36.926 Loading class sun/security/ssl/NewSessionTicket$T13NewSessionTicketMessage done
Event: 36.927 Loading class sun/net/www/http/KeepAliveStream
Event: 36.927 Loading class sun/net/www/http/Hurryable
Event: 36.928 Loading class sun/net/www/http/Hurryable done
Event: 36.928 Loading class sun/net/www/MeteredStream
Event: 36.928 Loading class sun/net/www/MeteredStream done
Event: 36.930 Loading class sun/net/www/http/KeepAliveStream done
Event: 36.930 Loading class sun/net/www/http/KeepAliveStreamCleaner
Event: 36.931 Loading class sun/net/www/http/KeepAliveStreamCleaner done
Event: 36.933 Loading class sun/net/www/http/KeepAliveStreamCleaner$1
Event: 36.933 Loading class sun/net/www/http/KeepAliveStreamCleaner$1 done
Event: 36.933 Loading class sun/net/www/http/KeepAliveStreamCleaner$2
Event: 36.933 Loading class sun/net/www/http/KeepAliveStreamCleaner$2 done
Event: 36.933 Loading class sun/net/www/protocol/http/HttpURLConnection$HttpInputStream
Event: 36.933 Loading class sun/net/www/protocol/http/HttpURLConnection$HttpInputStream done

Classes unloaded (0 events):
No events

Classes redefined (0 events):
No events

Internal exceptions (20 events):
Event: 26.859 Thread 0x00000242f1c3d5e0 Exception <a 'sun/nio/fs/WindowsException'{0x000000008aa21440}> (0x000000008aa21440) 
thrown [t:\workspace\open\src\hotspot\share\prims\jni.cpp, line 516]
Event: 26.859 Thread 0x00000242f1c3d5e0 Exception <a 'sun/nio/fs/WindowsException'{0x000000008aa21790}> (0x000000008aa21790) 
thrown [t:\workspace\open\src\hotspot\share\prims\jni.cpp, line 516]
Event: 26.859 Thread 0x00000242f1c3d5e0 Exception <a 'sun/nio/fs/WindowsException'{0x000000008aa24678}> (0x000000008aa24678) 
thrown [t:\workspace\open\src\hotspot\share\prims\jni.cpp, line 516]
Event: 26.859 Thread 0x00000242f1c3d5e0 Exception <a 'sun/nio/fs/WindowsException'{0x000000008aa249e8}> (0x000000008aa249e8) 
thrown [t:\workspace\open\src\hotspot\share\prims\jni.cpp, line 516]
Event: 27.004 Thread 0x00000242f1c3d5e0 Exception <a 'java/lang/NoSuchMethodError'{0x000000008c454308}: 'java.lang.Object java.lang.invoke.DirectMethodHandle$Holder.newInvokeSpecial(java.lang.Object, double)'> (0x000000008c454308) 
thrown [t:\workspace\open\src\hotspot\share\interpreter\linkResolver.cpp, line 766]
Event: 27.029 Thread 0x00000242f1c3d5e0 Exception <a 'sun/nio/fs/WindowsException'{0x000000008c38edb0}> (0x000000008c38edb0) 
thrown [t:\workspace\open\src\hotspot\share\prims\jni.cpp, line 516]
Event: 27.030 Thread 0x00000242f1c3d5e0 Exception <a 'java/lang/NoSuchMethodError'{0x000000008c3947d0}: 'void java.lang.invoke.DirectMethodHandle$Holder.invokeStatic(java.lang.Object, int, java.lang.Object)'> (0x000000008c3947d0) 
thrown [t:\workspace\open\src\hotspot\share\interpreter\linkResolver.cpp, line 766]
Event: 27.032 Thread 0x00000242f58dab30 Implicit null exception at 0x00000242dd3f49f4 to 0x00000242dd3f4bb0
Event: 27.032 Thread 0x00000242f58d84b0 Implicit null exception at 0x00000242dd3f49f4 to 0x00000242dd3f4bb0
Event: 27.032 Thread 0x00000242f58dab30 Implicit null exception at 0x00000242dd34809e to 0x00000242dd348758
Event: 27.033 Thread 0x00000242f58d8e50 Implicit null exception at 0x00000242dd152edd to 0x00000242dd152f78
Event: 27.089 Thread 0x00000242f1c3d5e0 Exception <a 'java/lang/NoSuchMethodError'{0x000000008b7798d8}: 'void java.lang.invoke.DirectMethodHandle$Holder.invokeVirtual(java.lang.Object, java.lang.Object, long)'> (0x000000008b7798d8) 
thrown [t:\workspace\open\src\hotspot\share\interpreter\linkResolver.cpp, line 766]
Event: 27.090 Thread 0x00000242f1c3d5e0 Exception <a 'java/lang/NoSuchMethodError'{0x000000008b77e2e8}: 'long java.lang.invoke.DirectMethodHandle$Holder.invokeStatic(java.lang.Object, java.lang.Object, int)'> (0x000000008b77e2e8) 
thrown [t:\workspace\open\src\hotspot\share\interpreter\linkResolver.cpp, line 766]
Event: 27.090 Thread 0x00000242f1c3d5e0 Exception <a 'java/lang/NoSuchMethodError'{0x000000008b78d308}: 'void java.lang.invoke.DelegatingMethodHandle$Holder.reinvoke_L(java.lang.Object, java.lang.Object, long)'> (0x000000008b78d308) 
thrown [t:\workspace\open\src\hotspot\share\interpreter\linkResolver.cpp, line 766]
Event: 27.618 Thread 0x00000242f1c3d5e0 Exception <a 'sun/nio/fs/WindowsException'{0x000000008bfcb280}> (0x000000008bfcb280) 
thrown [t:\workspace\open\src\hotspot\share\prims\jni.cpp, line 516]
Event: 27.630 Thread 0x00000242f1c3d5e0 Exception <a 'sun/nio/fs/WindowsException'{0x000000008bfd77d8}> (0x000000008bfd77d8) 
thrown [t:\workspace\open\src\hotspot\share\prims\jni.cpp, line 516]
Event: 27.632 Thread 0x00000242f1c3d5e0 Exception <a 'sun/nio/fs/WindowsException'{0x000000008bfe8068}> (0x000000008bfe8068) 
thrown [t:\workspace\open\src\hotspot\share\prims\jni.cpp, line 516]
Event: 27.632 Thread 0x00000242f1c3d5e0 Exception <a 'sun/nio/fs/WindowsException'{0x000000008bfe8388}> (0x000000008bfe8388) 
thrown [t:\workspace\open\src\hotspot\share\prims\jni.cpp, line 516]
Event: 27.862 Thread 0x00000242f1c3d5e0 Exception <a 'sun/nio/fs/WindowsException'{0x000000008ba3dd30}> (0x000000008ba3dd30) 
thrown [t:\workspace\open\src\hotspot\share\prims\jni.cpp, line 516]
Event: 27.900 Thread 0x00000242f1c3d5e0 Exception <a 'sun/nio/fs/WindowsException'{0x000000008bab4d68}> (0x000000008bab4d68) 
thrown [t:\workspace\open\src\hotspot\share\prims\jni.cpp, line 516]

VM Operations (20 events):
Event: 85.330 Executing VM operation: Cleanup
Event: 85.330 Executing VM operation: Cleanup done
Event: 92.422 Executing VM operation: Cleanup
Event: 92.422 Executing VM operation: Cleanup done
Event: 101.514 Executing VM operation: Cleanup
Event: 101.514 Executing VM operation: Cleanup done
Event: 105.559 Executing VM operation: Cleanup
Event: 105.559 Executing VM operation: Cleanup done
Event: 112.617 Executing VM operation: Cleanup
Event: 112.617 Executing VM operation: Cleanup done
Event: 121.743 Executing VM operation: Cleanup
Event: 121.743 Executing VM operation: Cleanup done
Event: 130.861 Executing VM operation: Cleanup
Event: 130.861 Executing VM operation: Cleanup done
Event: 135.903 Executing VM operation: Cleanup
Event: 135.903 Executing VM operation: Cleanup done
Event: 139.957 Executing VM operation: Cleanup
Event: 139.957 Executing VM operation: Cleanup done
Event: 147.035 Executing VM operation: Cleanup
Event: 147.035 Executing VM operation: Cleanup done

Events (20 events):
Event: 27.037 Thread 0x00000242f58d97f0 Thread exited: 0x00000242f58d97f0
Event: 27.038 Thread 0x00000242f58d5e30 Thread exited: 0x00000242f58d5e30
Event: 27.040 Thread 0x00000242f58da190 Thread exited: 0x00000242f58da190
Event: 27.040 Thread 0x00000242f58d7170 Thread exited: 0x00000242f58d7170
Event: 27.040 Thread 0x00000242f58d9320 Thread exited: 0x00000242f58d9320
Event: 27.041 Thread 0x00000242f58d4150 Thread exited: 0x00000242f58d4150
Event: 27.042 Thread 0x00000242f58dab30 Thread exited: 0x00000242f58dab30
Event: 27.042 Thread 0x00000242f58d8e50 Thread exited: 0x00000242f58d8e50
Event: 27.044 Thread 0x00000242f58d6300 Thread exited: 0x00000242f58d6300
Event: 27.044 Thread 0x00000242f58d84b0 Thread exited: 0x00000242f58d84b0
Event: 27.044 Thread 0x00000242f58db4d0 Thread exited: 0x00000242f58db4d0
Event: 27.046 Thread 0x00000242f58d4620 Thread exited: 0x00000242f58d4620
Event: 27.046 Thread 0x00000242f58d4fc0 Thread exited: 0x00000242f58d4fc0
Event: 27.047 Thread 0x00000242f58d7640 Thread exited: 0x00000242f58d7640
Event: 28.074 Loaded shared library C:\Program Files\Java\jdk-18\bin\sunmscapi.dll
Event: 36.272 Thread 0x00000242f58dab30 Thread added: 0x00000242f58dab30
Event: 36.272 Thread 0x00000242f58dab30 Thread exited: 0x00000242f58dab30
Event: 61.492 Thread 0x00000242f1c3df80 Thread exited: 0x00000242f1c3df80
Event: 74.645 Thread 0x00000242f26b28e0 Thread exited: 0x00000242f26b28e0
Event: 85.267 Thread 0x00000242f3bf3cc0 Thread exited: 0x00000242f3bf3cc0


Dynamic libraries:
0x00007ff7e2a00000 - 0x00007ff7e2a10000 	C:\Program Files\Java\jdk-18\bin\java.exe
0x00007ff936690000 - 0x00007ff9368a4000 	C:\WINDOWS\SYSTEM32\ntdll.dll
0x00007ff9353b0000 - 0x00007ff935474000 	C:\WINDOWS\System32\KERNEL32.DLL
0x00007ff933fd0000 - 0x00007ff934374000 	C:\WINDOWS\System32\KERNELBASE.dll
0x00007ff933cc0000 - 0x00007ff933dd1000 	C:\WINDOWS\System32\ucrtbase.dll
0x00007ff926c90000 - 0x00007ff926caa000 	C:\Program Files\Java\jdk-18\bin\VCRUNTIME140.dll
0x00007ff924920000 - 0x00007ff924938000 	C:\Program Files\Java\jdk-18\bin\jli.dll
0x00007ff9354d0000 - 0x00007ff935580000 	C:\WINDOWS\System32\ADVAPI32.dll
0x00007ff935150000 - 0x00007ff9351f7000 	C:\WINDOWS\System32\msvcrt.dll
0x00007ff934dc0000 - 0x00007ff934e66000 	C:\WINDOWS\System32\sechost.dll
0x00007ff935670000 - 0x00007ff935787000 	C:\WINDOWS\System32\RPCRT4.dll
0x00007ff935200000 - 0x00007ff9353ae000 	C:\WINDOWS\System32\USER32.dll
0x00007ff933bd0000 - 0x00007ff933bf6000 	C:\WINDOWS\System32\win32u.dll
0x00007ff935790000 - 0x00007ff9357b9000 	C:\WINDOWS\System32\GDI32.dll
0x00007ff933a40000 - 0x00007ff933b58000 	C:\WINDOWS\System32\gdi32full.dll
0x00007ff934380000 - 0x00007ff93441a000 	C:\WINDOWS\System32\msvcp_win.dll
0x00007ff915490000 - 0x00007ff915723000 	C:\WINDOWS\WinSxS\amd64_microsoft.windows.common-controls_6595b64144ccf1df_6.0.22621.2215_none_270d72677387dfc3\COMCTL32.dll
0x00007ff92a200000 - 0x00007ff92a20a000 	C:\WINDOWS\SYSTEM32\VERSION.dll
0x00007ff934d00000 - 0x00007ff934d31000 	C:\WINDOWS\System32\IMM32.DLL
0x00007ff924910000 - 0x00007ff92491c000 	C:\Program Files\Java\jdk-18\bin\vcruntime140_1.dll
0x00007ff8c9ef0000 - 0x00007ff8c9f7d000 	C:\Program Files\Java\jdk-18\bin\msvcp140.dll
0x00007ff8b6a10000 - 0x00007ff8b7621000 	C:\Program Files\Java\jdk-18\bin\server\jvm.dll
0x00007ff934ce0000 - 0x00007ff934ce8000 	C:\WINDOWS\System32\PSAPI.DLL
0x00007ff924900000 - 0x00007ff924909000 	C:\WINDOWS\SYSTEM32\WSOCK32.dll
0x00007ff928980000 - 0x00007ff9289b4000 	C:\WINDOWS\SYSTEM32\WINMM.dll
0x00007ff934d40000 - 0x00007ff934db1000 	C:\WINDOWS\System32\WS2_32.dll
0x00007ff932a40000 - 0x00007ff932a58000 	C:\WINDOWS\SYSTEM32\kernel.appcore.dll
0x00007ff9248f0000 - 0x00007ff9248fa000 	C:\Program Files\Java\jdk-18\bin\jimage.dll
0x00007ff92b120000 - 0x00007ff92b34e000 	C:\WINDOWS\SYSTEM32\DBGHELP.DLL
0x00007ff934770000 - 0x00007ff934afa000 	C:\WINDOWS\System32\combase.dll
0x00007ff934c00000 - 0x00007ff934cd7000 	C:\WINDOWS\System32\OLEAUT32.dll
0x00007ff91f620000 - 0x00007ff91f652000 	C:\WINDOWS\SYSTEM32\dbgcore.DLL
0x00007ff933de0000 - 0x00007ff933e5a000 	C:\WINDOWS\System32\bcryptPrimitives.dll
0x00007ff924420000 - 0x00007ff924445000 	C:\Program Files\Java\jdk-18\bin\java.dll
0x00007ff8c9e10000 - 0x00007ff8c9ee6000 	C:\Program Files\Java\jdk-18\bin\jsvml.dll
0x00007ff9357c0000 - 0x00007ff935fe3000 	C:\WINDOWS\System32\SHELL32.dll
0x00007ff9319d0000 - 0x00007ff9322ba000 	C:\WINDOWS\SYSTEM32\windows.storage.dll
0x00007ff931890000 - 0x00007ff9319ce000 	C:\WINDOWS\SYSTEM32\wintypes.dll
0x00007ff935050000 - 0x00007ff935143000 	C:\WINDOWS\System32\SHCORE.dll
0x00007ff9355f0000 - 0x00007ff93564e000 	C:\WINDOWS\System32\shlwapi.dll
0x00007ff933970000 - 0x00007ff933996000 	C:\WINDOWS\SYSTEM32\profapi.dll
0x00007ff924400000 - 0x00007ff924413000 	C:\Program Files\Java\jdk-18\bin\net.dll
0x00007ff92c7e0000 - 0x00007ff92c917000 	C:\WINDOWS\SYSTEM32\WINHTTP.dll
0x00007ff932f10000 - 0x00007ff932f79000 	C:\WINDOWS\system32\mswsock.dll
0x00007ff9243e0000 - 0x00007ff9243f6000 	C:\Program Files\Java\jdk-18\bin\nio.dll
0x00007ff8c9df0000 - 0x00007ff8c9e08000 	C:\Program Files\Java\jdk-18\bin\zip.dll
0x00007ff9248e0000 - 0x00007ff9248f0000 	C:\Program Files\Java\jdk-18\bin\verify.dll
0x00007ff8c9dc0000 - 0x00007ff8c9de7000 	C:\Users\hotti\.gradle\native\68d5fa5c4cc2d200863cafc0d521ce42e7d3e7ee720ec0a83991735586a16f82\windows-amd64\native-platform.dll
0x00007ff8bc4e0000 - 0x00007ff8bc624000 	C:\Users\hotti\.gradle\native\e376f236ea51e6404a007f0833ffe2c6e607c4080706a723a18a27aeea778392\windows-amd64\native-platform-file-events.dll
0x00007ff9243d0000 - 0x00007ff9243d9000 	C:\Program Files\Java\jdk-18\bin\management.dll
0x00007ff8c9db0000 - 0x00007ff8c9dbb000 	C:\Program Files\Java\jdk-18\bin\management_ext.dll
0x00007ff933160000 - 0x00007ff93317b000 	C:\WINDOWS\SYSTEM32\CRYPTSP.dll
0x00007ff932a00000 - 0x00007ff932a35000 	C:\WINDOWS\system32\rsaenh.dll
0x00007ff933000000 - 0x00007ff93302c000 	C:\WINDOWS\SYSTEM32\USERENV.dll
0x00007ff933320000 - 0x00007ff933348000 	C:\WINDOWS\SYSTEM32\bcrypt.dll
0x00007ff933180000 - 0x00007ff93318c000 	C:\WINDOWS\SYSTEM32\CRYPTBASE.dll
0x00007ff932560000 - 0x00007ff93258d000 	C:\WINDOWS\SYSTEM32\IPHLPAPI.DLL
0x00007ff934e70000 - 0x00007ff934e79000 	C:\WINDOWS\System32\NSI.dll
0x00007ff92c460000 - 0x00007ff92c479000 	C:\WINDOWS\SYSTEM32\dhcpcsvc6.DLL
0x00007ff92c350000 - 0x00007ff92c36f000 	C:\WINDOWS\SYSTEM32\dhcpcsvc.DLL
0x00007ff932590000 - 0x00007ff932682000 	C:\WINDOWS\SYSTEM32\DNSAPI.dll
0x00007ff927320000 - 0x00007ff92732e000 	C:\Program Files\Java\jdk-18\bin\sunmscapi.dll
0x00007ff933e60000 - 0x00007ff933fc6000 	C:\WINDOWS\System32\CRYPT32.dll
0x00007ff9332f0000 - 0x00007ff93331e000 	C:\WINDOWS\SYSTEM32\ncrypt.dll
0x00007ff9332b0000 - 0x00007ff9332e7000 	C:\WINDOWS\SYSTEM32\NTASN1.dll
0x00007ff92d0b0000 - 0x00007ff92d0ba000 	C:\Windows\System32\rasadhlp.dll
0x00007ff92a4a0000 - 0x00007ff92a524000 	C:\WINDOWS\System32\fwpuclnt.dll

dbghelp: loaded successfully - version: 4.0.5 - missing functions: none
symbol engine: initialized successfully - sym options: 0x614 - pdb path: .;C:\Program Files\Java\jdk-18\bin;C:\WINDOWS\SYSTEM32;C:\WINDOWS\WinSxS\amd64_microsoft.windows.common-controls_6595b64144ccf1df_6.0.22621.2215_none_270d72677387dfc3;C:\Program Files\Java\jdk-18\bin\server;C:\Users\hotti\.gradle\native\68d5fa5c4cc2d200863cafc0d521ce42e7d3e7ee720ec0a83991735586a16f82\windows-amd64;C:\Users\hotti\.gradle\native\e376f236ea51e6404a007f0833ffe2c6e607c4080706a723a18a27aeea778392\windows-amd64

VM Arguments:
jvm_args: -XX:MaxMetaspaceSize=512m --add-opens=java.base/java.util=ALL-UNNAMED --add-opens=java.base/java.lang=ALL-UNNAMED --add-opens=java.base/java.lang.invoke=ALL-UNNAMED --add-opens=java.prefs/java.util.prefs=ALL-UNNAMED --add-opens=java.base/java.nio.charset=ALL-UNNAMED --add-opens=java.base/java.net=ALL-UNNAMED --add-opens=java.base/java.util.concurrent.atomic=ALL-UNNAMED -Xmx2048m -Dfile.encoding=UTF-8 -Duser.country=US -Duser.language=en -Duser.variant 
java_command: org.gradle.launcher.daemon.bootstrap.GradleDaemon 8.0.1
java_class_path (initial): C:\Users\hotti\.gradle\wrapper\dists\gradle-8.0.1-all\aro4hu1c3oeioove7l0i4i14o\gradle-8.0.1\lib\gradle-launcher-8.0.1.jar
Launcher Type: SUN_STANDARD

[Global flags]
     intx CICompilerCount                          = 4                                         {product} {ergonomic}
   size_t CompressedClassSpaceSize                 = 432013312                                 {product} {ergonomic}
     uint ConcGCThreads                            = 3                                         {product} {ergonomic}
     uint G1ConcRefinementThreads                  = 10                                        {product} {ergonomic}
   size_t G1HeapRegionSize                         = 1048576                                   {product} {ergonomic}
    uintx GCDrainStackTargetSize                   = 64                                        {product} {ergonomic}
   size_t InitialHeapSize                          = 260046848                                 {product} {ergonomic}
   size_t MarkStackSize                            = 4194304                                   {product} {ergonomic}
   size_t MaxHeapSize                              = 2147483648                                {product} {command line}
   size_t MaxMetaspaceSize                         = 536870912                                 {product} {command line}
   size_t MaxNewSize                               = 1287651328                                {product} {ergonomic}
   size_t MinHeapDeltaBytes                        = 1048576                                   {product} {ergonomic}
   size_t MinHeapSize                              = 8388608                                   {product} {ergonomic}
    uintx NonNMethodCodeHeapSize                   = 5839372                                {pd product} {ergonomic}
    uintx NonProfiledCodeHeapSize                  = 122909434                              {pd product} {ergonomic}
    uintx ProfiledCodeHeapSize                     = 122909434                              {pd product} {ergonomic}
    uintx ReservedCodeCacheSize                    = 251658240                              {pd product} {ergonomic}
     bool SegmentedCodeCache                       = true                                      {product} {ergonomic}
   size_t SoftMaxHeapSize                          = 2147483648                             {manageable} {ergonomic}
     bool UseCompressedClassPointers               = true                           {product lp64_product} {ergonomic}
     bool UseCompressedOops                        = true                           {product lp64_product} {ergonomic}
     bool UseG1GC                                  = true                                      {product} {ergonomic}
     bool UseLargePagesIndividualAllocation        = false                                  {pd product} {ergonomic}

Logging:
Log output configuration:
 #0: stdout all=warning uptime,level,tags foldmultilines=false
 #1: stderr all=off uptime,level,tags foldmultilines=false

Environment Variables:
CLASSPATH=D:\Reactnative\AwesomeProject1\android\\gradle\wrapper\gradle-wrapper.jar
PATH=D:\Reactnative\AwesomeProject1\node_modules\.bin;D:\Reactnative\AwesomeProject1\node_modules\.bin;D:\Reactnative\node_modules\.bin;D:\node_modules\.bin;C:\Program Files\nodejs\node_modules\npm\node_modules\@npmcli\run-script\lib\node-gyp-bin;D:\Reactnative\AwesomeProject1\node_modules\.bin;D:\Reactnative\AwesomeProject1\node_modules\.bin;D:\Reactnative\node_modules\.bin;D:\node_modules\.bin;C:\Program Files\nodejs\node_modules\npm\node_modules\@npmcli\run-script\lib\node-gyp-bin;C:\Program Files\Common Files\Oracle\Java\javapath;C:\WINDOWS\system32;C:\WINDOWS;C:\WINDOWS\System32\Wbem;C:\WINDOWS\System32\WindowsPowerShell\v1.0\;C:\WINDOWS\System32\OpenSSH\;C:\ProgramData\chocolatey\bin;C:\Program Files\nodejs\;C:\Users\hotti\AppData\Local\Microsoft\WindowsApps;C:\Users\hotti\AppData\Local\Programs\Microsoft VS Code\bin;C:\Users\hotti\AppData\Local\Android\Sdk\platform-tools
USERNAME=Kiet
LANG=en_US.UTF-8
OS=Windows_NT
PROCESSOR_IDENTIFIER=AMD64 Family 23 Model 96 Stepping 1, AuthenticAMD



---------------  S Y S T E M  ---------------

OS:
 Windows 11 , 64 bit Build 22621 (10.0.22621.2215)
OS uptime: 0 days 0:15 hours

CPU: total 12 (initial active 12) (12 cores per cpu, 2 threads per core) family 23 model 96 stepping 1 microcode 0x0, cx8, cmov, fxsr, ht, mmx, 3dnowpref, sse, sse2, sse3, ssse3, sse4a, sse4.1, sse4.2, popcnt, lzcnt, tsc, tscinvbit, avx, avx2, aes, clmul, bmi1, bmi2, adx, sha, fma, vzeroupper, clflush, clflushopt

Memory: 4k page, system-wide physical 15771M (113M free)
TotalPageFile size 24502M (AvailPageFile size 0M)
current process WorkingSet (physical memory assigned to process): 450M, peak: 464M
current process commit charge ("private bytes"): 502M, peak: 518M

vm_info: Java HotSpot(TM) 64-Bit Server VM (18+36-2087) for windows-amd64 JRE (18+36-2087), built on Feb 15 2022 09:43:11 by "mach5one" with MS VC++ 16.8 / 16.9 (VS2019)

END.
